[tymobeauty.com/index.html]
[cdn.shopify.com/s/files/1/0094/4839/0711/t/32/assets/theme.minbcaa.css]
[cdn.shopify.com/s/files/1/0094/4839/0711/t/32/assets/font-awesome.min2ba7.css]
[cdn.shopify.com/s/files/1/0094/4839/0711/t/32/assets/swiper.min18e6.css]
[cdn.shopify.com/s/files/1/0094/4839/0711/files/2_a5a8d13f-1e3b-4d0c-81dc-560a306c0102_180x180_crop_center8aa1.png]
[cdn.shopify.com/s/files/1/0094/4839/0711/files/2_a5a8d13f-1e3b-4d0c-81dc-560a306c0102_32x32_crop_center8aa1.png]
[cdn.shopify.com/s/files/1/0094/4839/0711/files/2_a5a8d13f-1e3b-4d0c-81dc-560a306c0102_194x194_crop_center8aa1.png]
[cdn.shopify.com/s/files/1/0094/4839/0711/files/2_a5a8d13f-1e3b-4d0c-81dc-560a306c0102_192x192_crop_center8aa1.png]
[cdn.shopify.com/s/files/1/0094/4839/0711/files/2_a5a8d13f-1e3b-4d0c-81dc-560a306c0102_16x16_crop_center8aa1.png]
[backblue.gif]
[fade.gif]
[index.html]
[cdn.shopify.com/s/files/1/0094/4839/0711/files/LOGO_d5c981a1-c8e6-4275-a601-0b1c21246d1d_1200x1200227e.png]
[cdn.shopify.com/s/files/1/0094/4839/0711/t/32/assets/fancybox_overlay478d.png]
[cdn.shopify.com/shopifycloud/storefront-recaptcha-v3/v0.6/index.js]
[cdn.shopify.com/shopifycloud/shopify/assets/storefront/load_feature-37a17a663bce00c3e1703d247d958d410831e9e5dac457e1e9aa9f37481e2eb5.js]
[cdn.shopify.com/shopifycloud/shopify/assets/storefront/features-87e8399988880142f2c62771b9d8f2ff6c290b3ff745dd426eb0dfe0db9d1dae.js]
[cdn.judge.me/shopify_v2.js]
[cdn.judge.me/shopify_v2.css]
[cdn.judge.me/loader.js]
[cdn.shopify.com/extensions/76a81b69-a9ee-4f1d-acdc-197b273c8c5c/0.2.0/assets/omnisend-in-shop.js]
[tymobeauty.com/POST.1f.delayed]
[cdn.shopify.com/s/trekkie.storefront.14a2a604dac04b548cd8c6bdfd85448fc1df7da9.min.js]
[cdn.shopify.com/shopifycloud/shopify/assets/shop_events_listener-fa61fd11817b231631d2fe43dc869d0b1d14a06332792d42f1a1d94bda5aa31e.js]
[cdn.shopify.com/shopifycloud/boomerang/shopify-boomerang-1.0.0.min.js]
[cdn.shopify.com/s/files/1/0094/4839/0711/t/32/assets/section-announcement-bar.min27a4.css]
[tymobeauty.com/collections/hair-straightener-brush.html]
[tymobeauty.com/collections/hair-curler.html]
[tymobeauty.com/collections/flat-irons.html]
[tymobeauty.com/collections/hair-dryer.html]
[tymobeauty.com/collections/hair-care.html]
[tymobeauty.com/collections/facial.html]
[tymobeauty.com/pages/about-tymo-us.html]
[tymobeauty.com/blogs/news.html]
[tymobeauty.com/blogs/news/why-tymo-ring-is-best-hair-straightening-comb.html]
[tymobeauty.com/blogs/news/styling-tips-and-tricks-with-hair-brush-straightener.html]
[tymobeauty.com/blogs/news/flat-iron-hair-style-with-quality-result.html]
[tymobeauty.com/blogs/news/6-benefits-of-styling-hair-with-tymo-ring-hair-straightener.html]
[tymobeauty.com/blogs/news/best-hair-straightening-brush-of-2020-review.html]
[tymobeauty.com/blogs/news/testing-straightening-techniques-using-tymo-ring-with-milabu-and-macy.html]
[tymobeauty.com/pages/contact-us.html]
[cdn.shopify.com/s/files/1/0094/4839/0711/files/LOGO_c3ff4234-0b03-4070-b4cf-b785100cb94a_1000x1000c51f.png]
[cdn.shopify.com/s/files/1/0094/4839/0711/files/LOGO_c3ff4234-0b03-4070-b4cf-b785100cb94a_1445xc51f.png]
[tymobeauty.com/account/login.html]
[tymobeauty.com/account/register.html]
[cdn.shopify.com/s/files/1/0094/4839/0711/t/32/assets/component-localization-formf614.js]
[tymobeauty.com/search.html]
[tymobeauty.com/cart.html]
[cdn.shopify.com/s/files/1/0094/4839/0711/t/32/assets/section-video-hero.min1a16.css]
[tymobeauty.com/collections/all-hair-products.html]
[cdn.shopify.com/s/files/1/0094/4839/0711/t/32/assets/section-slideshow.min3efd.css]
[cdn.shopify.com/s/files/1/0094/4839/0711/files/banner_ios_c240bc48-a5ca-43f3-91c2-7e0982e54b47_1000x1000be7e.jpg]
[cdn.shopify.com/s/files/1/0094/4839/0711/files/banner_ios_c240bc48-a5ca-43f3-91c2-7e0982e54b47_1445xbe7e.jpg]
[cdn.shopify.com/s/files/1/0094/4839/0711/files/banner_pc_1000x1000be7e.jpg]
[cdn.shopify.com/s/files/1/0094/4839/0711/files/banner_pc_1445xbe7e.jpg]
[cdn.shopify.com/s/files/1/0094/4839/0711/files/curlerbanner_1000x1000be7e.jpg]
[cdn.shopify.com/s/files/1/0094/4839/0711/files/curlerbanner_1445xbe7e.jpg]
[cdn.shopify.com/s/files/1/0094/4839/0711/t/32/assets/section-collection-list.minc86d.css]
[cdn.shopify.com/s/files/1/0094/4839/0711/files/3__banner_c3189e09-a4d4-4053-b9f3-ddfd4d16f06a_1000x1000fc55.jpg]
[cdn.shopify.com/s/files/1/0094/4839/0711/files/3__banner_c3189e09-a4d4-4053-b9f3-ddfd4d16f06a_1445xfc55.jpg]
[tymobeauty.com/collections/hair-straightener.html]
[cdn.shopify.com/s/files/1/0094/4839/0711/files/4__banner_1000x1000622e.jpg]
[cdn.shopify.com/s/files/1/0094/4839/0711/files/4__banner_1445x622e.jpg]
[cdn.shopify.com/s/files/1/0094/4839/0711/t/32/assets/section-featured-collection.min08c3.css]
[tymobeauty.com/collections/all-hair-products/products/tymo-hair-straightening-comb.html]
[cdn.shopify.com/s/files/1/0094/4839/0711/products/1_ae9a4deb-d690-4098-a558-bd690afc2717_1000x10001181.jpg]
[cdn.shopify.com/s/files/1/0094/4839/0711/products/1_ae9a4deb-d690-4098-a558-bd690afc2717_1445x1181.jpg]
[cdn.shopify.com/s/files/1/0094/4839/0711/products/2_1918d09e-6094-4df5-b0f1-81b70ae49cf7_1000x10004da3.jpg]
[cdn.shopify.com/s/files/1/0094/4839/0711/products/2_1918d09e-6094-4df5-b0f1-81b70ae49cf7_1445x4da3.jpg]
[tymobeauty.com/collections/all-hair-products/products/tymo-ring-plus.html]
[cdn.shopify.com/s/files/1/0094/4839/0711/products/1_1000x1000adf2.jpg]
[cdn.shopify.com/s/files/1/0094/4839/0711/products/1_1445xadf2.jpg]
[cdn.shopify.com/s/files/1/0094/4839/0711/products/2_1000x1000adf2.jpg]
[cdn.shopify.com/s/files/1/0094/4839/0711/products/2_1445xadf2.jpg]
[tymobeauty.com/collections/all-hair-products/products/tymo-rota.html]
[cdn.shopify.com/s/files/1/0094/4839/0711/products/2_821cf6e7-f311-4f63-b86e-b4ca3b821635_1000x10002cb6.jpg]
[cdn.shopify.com/s/files/1/0094/4839/0711/products/2_821cf6e7-f311-4f63-b86e-b4ca3b821635_1445x2cb6.jpg]
[cdn.shopify.com/s/files/1/0094/4839/0711/products/1_f8724338-26e0-4e20-b94d-f6775f191fd8_1000x10002cb6.jpg]
[cdn.shopify.com/s/files/1/0094/4839/0711/products/1_f8724338-26e0-4e20-b94d-f6775f191fd8_1445x2cb6.jpg]
[tymobeauty.com/collections/all-hair-products/products/tymo-highspeed.html]
[cdn.shopify.com/s/files/1/0094/4839/0711/products/01_ecb64c0c-b5e2-42f4-87ce-f737b242bd39_1000x10003d7d.jpg]
[cdn.shopify.com/s/files/1/0094/4839/0711/products/01_ecb64c0c-b5e2-42f4-87ce-f737b242bd39_1445x3d7d.jpg]
[cdn.shopify.com/s/files/1/0094/4839/0711/products/02_64af6c4f-1cd5-4257-8fc7-93a54613eb8a_1000x1000f4ab.jpg]
[cdn.shopify.com/s/files/1/0094/4839/0711/products/02_64af6c4f-1cd5-4257-8fc7-93a54613eb8a_1445xf4ab.jpg]
[cdn.shopify.com/s/files/1/0094/4839/0711/t/32/assets/section-image-with-text.min9c47.css]
[cdn.shopify.com/s/files/1/0094/4839/0711/files/5__banner1_1000x1000622e.jpg]
[cdn.shopify.com/s/files/1/0094/4839/0711/files/5__banner1_1445x622e.jpg]
[tymobeauty.com/products/tymo-hair-straightening-comb.html]
[tymobeauty.com/pages/abtou-tymo-1.88.delayed]
[tymobeauty.com/collections/hair-straightener/products/tymo-hair-straightening-comb.html]
[tymobeauty.com/collections/hair-straightener/products/tymo-ring-pink.html]
[cdn.shopify.com/s/files/1/0094/4839/0711/products/2_ad85aebf-f937-44ca-9d1c-e513ba491caf_1000x10006648.jpg]
[cdn.shopify.com/s/files/1/0094/4839/0711/products/2_ad85aebf-f937-44ca-9d1c-e513ba491caf_1445x6648.jpg]
[cdn.shopify.com/s/files/1/0094/4839/0711/products/1_04d3e2ca-02e2-4941-aefc-1a0c4ccb9ba8_1000x10006648.jpg]
[cdn.shopify.com/s/files/1/0094/4839/0711/products/1_04d3e2ca-02e2-4941-aefc-1a0c4ccb9ba8_1445x6648.jpg]
[tymobeauty.com/collections/hair-straightener/products/tymo-ionic.html]
[cdn.shopify.com/s/files/1/0094/4839/0711/products/1_bb64bdf2-b6bc-43ff-84c4-332e55b40d64_1000x100065be.jpg]
[cdn.shopify.com/s/files/1/0094/4839/0711/products/1_bb64bdf2-b6bc-43ff-84c4-332e55b40d64_1445x65be.jpg]
[cdn.shopify.com/s/files/1/0094/4839/0711/products/2_83ba8d34-c21d-490f-9527-a5c31c758b95_1000x100065be.jpg]
[cdn.shopify.com/s/files/1/0094/4839/0711/products/2_83ba8d34-c21d-490f-9527-a5c31c758b95_1445x65be.jpg]
[tymobeauty.com/collections/hair-straightener/products/tymo-ring-plus.html]
[cdn.shopify.com/s/files/1/0094/4839/0711/files/6__banner2_1000x1000ceca.jpg]
[cdn.shopify.com/s/files/1/0094/4839/0711/files/6__banner2_1445xceca.jpg]
[tymobeauty.com/collections/hair-curler/products/tymo-airflow.html]
[cdn.shopify.com/s/files/1/0094/4839/0711/products/2_62907a3c-2c99-48a0-9563-b327a1bef0a2_1000x1000f03c.jpg]
[cdn.shopify.com/s/files/1/0094/4839/0711/products/2_62907a3c-2c99-48a0-9563-b327a1bef0a2_1445xf03c.jpg]
[cdn.shopify.com/s/files/1/0094/4839/0711/products/1_5934e896-66eb-4561-bf55-a0cb3e44b417_1000x1000f03c.jpg]
[cdn.shopify.com/s/files/1/0094/4839/0711/products/1_5934e896-66eb-4561-bf55-a0cb3e44b417_1445xf03c.jpg]
[tymobeauty.com/collections/hair-curler/products/tymo-rota.html]
[tymobeauty.com/collections/hair-curler/products/tymo-aqua.html]
[cdn.shopify.com/s/files/1/0094/4839/0711/products/2_80f434a9-2caf-49a5-a95a-23ec88996e2c_1000x1000e0a9.jpg]
[cdn.shopify.com/s/files/1/0094/4839/0711/products/2_80f434a9-2caf-49a5-a95a-23ec88996e2c_1445xe0a9.jpg]
[cdn.shopify.com/s/files/1/0094/4839/0711/products/1_2cd66941-cfc5-4a41-82c9-4882e5b5edea_1000x1000e0a9.jpg]
[cdn.shopify.com/s/files/1/0094/4839/0711/products/1_2cd66941-cfc5-4a41-82c9-4882e5b5edea_1445xe0a9.jpg]
[cdn.shopify.com/s/files/1/0094/4839/0711/files/7__banner3_1000x1000622e.jpg]
[cdn.shopify.com/s/files/1/0094/4839/0711/files/7__banner3_1445x622e.jpg]
[tymobeauty.com/products/tymo-highspeed.html]
[tymobeauty.com/collections/hair-dryer/products/tymo-highspeed.html]
[tymobeauty.com/collections/hair-dryer/products/tymo-volumizer.html]
[cdn.shopify.com/s/files/1/0094/4839/0711/products/IMAGE_EDIT_4082ddd4-60d8-4305-b31d-56e3f2019c6a_1000x10000aa9.png]
[cdn.shopify.com/s/files/1/0094/4839/0711/products/IMAGE_EDIT_4082ddd4-60d8-4305-b31d-56e3f2019c6a_1445x0aa9.png]
[cdn.shopify.com/s/files/1/0094/4839/0711/t/32/assets/section-gallery.min3855.css]
[cdn.shopify.com/s/files/1/0094/4839/0711/files/8__banner1_1000x1000622e.jpg]
[cdn.shopify.com/s/files/1/0094/4839/0711/files/8__banner1_1445x622e.jpg]
[cdn.shopify.com/s/files/1/0094/4839/0711/files/3__banner2_1000x100069aa.jpg]
[cdn.shopify.com/s/files/1/0094/4839/0711/files/3__banner2_1445x69aa.jpg]
[cdn.shopify.com/s/files/1/0094/4839/0711/files/10__banner3_1000x1000622e.jpg]
[cdn.shopify.com/s/files/1/0094/4839/0711/files/10__banner3_1445x622e.jpg]
[tymobeauty.com/collections/curling-iron.html]
[cdn.shopify.com/s/files/1/0094/4839/0711/files/11__banner4_1000x100028e2.jpg]
[cdn.shopify.com/s/files/1/0094/4839/0711/files/11__banner4_1445x28e2.jpg]
[cdn.shopify.com/s/files/1/0094/4839/0711/files/12__banner5_1000x100028e2.jpg]
[cdn.shopify.com/s/files/1/0094/4839/0711/files/12__banner5_1445x28e2.jpg]
[cdn.shopify.com/s/files/1/0094/4839/0711/files/13__banner6_1000x100028e2.jpg]
[cdn.shopify.com/s/files/1/0094/4839/0711/files/13__banner6_1445x28e2.jpg]
[cdn.shopify.com/s/files/1/0094/4839/0711/files/14__banner7_1000x100028e2.jpg]
[cdn.shopify.com/s/files/1/0094/4839/0711/files/14__banner7_1445x28e2.jpg]
[cdn.shopify.com/s/files/1/0094/4839/0711/files/15__banner8_1000x100028e2.jpg]
[cdn.shopify.com/s/files/1/0094/4839/0711/files/15__banner8_1445x28e2.jpg]
[cdn.shopify.com/s/files/1/0094/4839/0711/t/32/assets/section-logo-list.min1b43.css]
[cdn.shopify.com/s/files/1/0094/4839/0711/files/1_ed6fd524-de19-4df5-a4ee-80aaffbd7543_1000x1000e309.jpg]
[cdn.shopify.com/s/files/1/0094/4839/0711/files/1_ed6fd524-de19-4df5-a4ee-80aaffbd7543_1445xe309.jpg]
[cdn.shopify.com/s/files/1/0094/4839/0711/files/2_d9cd9864-43ba-45dc-8f86-9ec9f932265a_1000x1000e309.jpg]
[cdn.shopify.com/s/files/1/0094/4839/0711/files/2_d9cd9864-43ba-45dc-8f86-9ec9f932265a_1445xe309.jpg]
[cdn.shopify.com/s/files/1/0094/4839/0711/files/3_fa3ac807-cd10-40a9-889f-240f1dd61437_1000x1000e309.jpg]
[cdn.shopify.com/s/files/1/0094/4839/0711/files/3_fa3ac807-cd10-40a9-889f-240f1dd61437_1445xe309.jpg]
[cdn.shopify.com/s/files/1/0094/4839/0711/files/4_27f7aa8b-7221-4196-a5f3-dd9e2006014e_1000x1000e309.jpg]
[cdn.shopify.com/s/files/1/0094/4839/0711/files/4_27f7aa8b-7221-4196-a5f3-dd9e2006014e_1445xe309.jpg]
[cdn.shopify.com/s/files/1/0094/4839/0711/files/5_2666b61f-5994-4e23-9f4a-f885696b7456_1000x1000e309.jpg]
[cdn.shopify.com/s/files/1/0094/4839/0711/files/5_2666b61f-5994-4e23-9f4a-f885696b7456_1445xe309.jpg]
[cdn.shopify.com/s/files/1/0094/4839/0711/files/6_24915995-98e1-477e-a4d5-4d1ea7177123_1000x1000e309.jpg]
[cdn.shopify.com/s/files/1/0094/4839/0711/files/6_24915995-98e1-477e-a4d5-4d1ea7177123_1445xe309.jpg]
[cdn.shopify.com/s/files/1/0094/4839/0711/files/7_367bc2e4-0583-48b3-af89-4ef959877b9d_1000x1000e309.jpg]
[cdn.shopify.com/s/files/1/0094/4839/0711/files/7_367bc2e4-0583-48b3-af89-4ef959877b9d_1445xe309.jpg]
[cdn.shopify.com/s/files/1/0094/4839/0711/files/8_9500fc6e-8b82-4810-a417-1f12c07f5c73_1000x1000e309.jpg]
[cdn.shopify.com/s/files/1/0094/4839/0711/files/8_9500fc6e-8b82-4810-a417-1f12c07f5c73_1445xe309.jpg]
[cdn.shopify.com/s/files/1/0094/4839/0711/files/9_d9b51974-29b1-42a1-9844-8c4212e46a5a_1000x10001b35.jpg]
[cdn.shopify.com/s/files/1/0094/4839/0711/files/9_d9b51974-29b1-42a1-9844-8c4212e46a5a_1445x1b35.jpg]
[cdn.shopify.com/s/files/1/0094/4839/0711/files/13_1000x10001b35.jpg]
[cdn.shopify.com/s/files/1/0094/4839/0711/files/13_1445x1b35.jpg]
[cdn.shopify.com/s/files/1/0094/4839/0711/files/10_25bfc895-2c5e-4aa7-8f53-e6971471cbc7_1000x10001b35.jpg]
[cdn.shopify.com/s/files/1/0094/4839/0711/files/10_25bfc895-2c5e-4aa7-8f53-e6971471cbc7_1445x1b35.jpg]
[tymobeauty.com/pages/return-policy.html]
[tymobeauty.com/pages/shipping-policy.html]
[tymobeauty.com/pages/privacy-policy.html]
[tymobeauty.com/pages/klarna.html]
[tymobeauty.com/pages/terms-of-services.html]
[tymobeauty.com/apps/product-registration8fe2.html]
[tymobeauty.com/pages/about-tymo.html]
[cdn.shopify.com/s/files/1/0094/4839/0711/t/32/assets/theme.min8964.js]
[tymobeauty.com/index.html]
[cdn.shopify.com/s/files/1/0094/4839/0711/t/32/assets/theme.minbcaa.css]
[cdn.shopify.com/s/files/1/0094/4839/0711/t/32/assets/font-awesome.min2ba7.css]
[cdn.shopify.com/s/files/1/0094/4839/0711/t/32/assets/swiper.min18e6.css]
[cdn.shopify.com/s/files/1/0094/4839/0711/t/32/assets/customa1c5.css]
[cdn.shopify.com/s/files/1/0094/4839/0711/t/32/assets/theme.legacy.minbfce.js]
[s3.amazonaws.com/me.judge.public-static-assets/general/video-placeholder-640x480.jpg]
[cdn.judge.me/shopify_v2.css]
[tymobeauty.com/POST.html]
[cdn.shopify.com/s/files/1/0094/4839/0711/t/32/assets/section-announcement-bar.min27a4.css]
[cdn.shopify.com/s/files/1/0094/4839/0711/collections/collection_cover_02_1200x12008a30.jpg]
[tymobeauty.com/collections/hair-straightener-brush.atom]
[tymobeauty.com/collections/hair-straightener-brush.oembed]
[tymobeauty.com/collections/POST]
[cdn.shopify.com/s/files/1/0094/4839/0711/files/ios_9e620adb-3b4e-4394-9734-d41cd061e15e_1000x1000a579.jpg]
[cdn.shopify.com/s/files/1/0094/4839/0711/files/ios_9e620adb-3b4e-4394-9734-d41cd061e15e_1445xa579.jpg]
[tymobeauty.com/collections/hair-straightener-brush/products/tymo-hair-straightening-comb.html]
[tymobeauty.com/collections/hair-straightener-brush/products/tymo-ring-pink.html]
[tymobeauty.com/collections/hair-straightener-brush/products/tymo-ring-plus.html]
[tymobeauty.com/collections/hair-straightener-brush/products/tymo-ionic.html]
[tymobeauty.com/collections/hair-straightener-brush.html]
[tymobeauty.com/collections/hair-curler.atom]
[tymobeauty.com/collections/hair-curler.oembed]
[tymobeauty.com/collections/hair-curler.html]
[cdn.shopify.com/s/files/1/0094/4839/0711/collections/IRON_BANNER_1200x120017cd.jpg]
[tymobeauty.com/collections/flat-irons.atom]
[tymobeauty.com/collections/flat-irons.oembed]
[tymobeauty.com/collections/flat-irons/products/tymo-sway.html]
[cdn.shopify.com/s/files/1/0094/4839/0711/products/04acopy_1800x1800_300027a0-1a66-41c8-84c9-85c0a975a8a2_1000x10008d2d.jpg]
[cdn.shopify.com/s/files/1/0094/4839/0711/products/04acopy_1800x1800_300027a0-1a66-41c8-84c9-85c0a975a8a2_1445x8d2d.jpg]
[tymobeauty.com/collections/flat-irons/products/tymo-sway-noir.html]
[cdn.shopify.com/s/files/1/0094/4839/0711/products/1_de646f32-7b19-4a88-9793-de83be0f4bb7_1000x10005733.jpg]
[cdn.shopify.com/s/files/1/0094/4839/0711/products/1_de646f32-7b19-4a88-9793-de83be0f4bb7_1445x5733.jpg]
[tymobeauty.com/collections/flat-irons/products/tymo-titanium-1.html]
[cdn.shopify.com/s/files/1/0094/4839/0711/products/06_1000x1000e7b1.jpg]
[cdn.shopify.com/s/files/1/0094/4839/0711/products/06_1445xe7b1.jpg]
[tymobeauty.com/collections/flat-irons/products/tymo-airflow.html]
[tymobeauty.com/collections/flat-irons.html]
[tymobeauty.com/collections/hair-dryer.atom]
[tymobeauty.com/collections/hair-dryer.oembed]
[tymobeauty.com/collections/hair-dryer.html]
[tymobeauty.com/collections/hair-care.atom]
[tymobeauty.com/collections/hair-care.oembed]
[tymobeauty.com/collections/hair-care/products/tymo-mist.html]
[cdn.shopify.com/s/files/1/0094/4839/0711/products/B100_A1_1000x1000b5a2.jpg]
[cdn.shopify.com/s/files/1/0094/4839/0711/products/B100_A1_1445xb5a2.jpg]
[tymobeauty.com/collections/hair-care/products/tymo-volumist.html]
[cdn.shopify.com/s/files/1/0094/4839/0711/products/1_81fe1bc1-32b2-4f7e-86e6-d30c1399e3d8_1000x10006113.jpg]
[cdn.shopify.com/s/files/1/0094/4839/0711/products/1_81fe1bc1-32b2-4f7e-86e6-d30c1399e3d8_1445x6113.jpg]
[tymobeauty.com/collections/hair-care.html]
[tymobeauty.com/collections/facial.atom]
[tymobeauty.com/collections/facial.oembed]
[tymobeauty.com/collections/facial/products/tymo-twilight-led-vanity-mirror.html]
[cdn.shopify.com/s/files/1/0094/4839/0711/products/01_1000x1000d675.jpg]
[cdn.shopify.com/s/files/1/0094/4839/0711/products/01_1445xd675.jpg]
[tymobeauty.com/collections/facial/products/tymo-hazy.html]
[cdn.shopify.com/s/files/1/0094/4839/0711/products/1_2d4d25cd-a5f8-4236-912f-24d112397bef_1000x10001ec9.jpg]
[cdn.shopify.com/s/files/1/0094/4839/0711/products/1_2d4d25cd-a5f8-4236-912f-24d112397bef_1445x1ec9.jpg]
[tymobeauty.com/collections/facial.html]
[tymobeauty.com/pages/POST]
[cdn.getshogun.com/css-3/612f03aa79013200dbace903.css]
[lib.getshogun.com/lazysizes/2.0.0/shogun-lazysizes.js]
[cdn.getshogun.com/5/612f03aa79013200dbace903.js]
[tymobeauty.com/pages/about-tymo-us.html]
[tymobeauty.com/blogs/news.atom]
[tymobeauty.com/blogs/news4658.html]
[tymobeauty.com/blogs/POST]
[tymobeauty.com/blogs/news/prepared-faqs-for-tymo-beauties.html]
[cdn.shopify.com/s/files/1/0094/4839/0711/articles/IMG_6723_1000x10006c8d.jpg]
[cdn.shopify.com/s/files/1/0094/4839/0711/articles/IMG_6723_1445x6c8d.jpg]
[tymobeauty.com/blogs/news/unlock-tymo-hair-straightener-fam.html]
[cdn.shopify.com/s/files/1/0094/4839/0711/articles/cv_1000x10009053.jpg]
[cdn.shopify.com/s/files/1/0094/4839/0711/articles/cv_1445x9053.jpg]
[cdn.shopify.com/s/files/1/0094/4839/0711/articles/1106_1000x1000cdd3.jpg]
[cdn.shopify.com/s/files/1/0094/4839/0711/articles/1106_1445xcdd3.jpg]
[cdn.shopify.com/s/files/1/0094/4839/0711/articles/10_1000x10008b2c.jpg]
[cdn.shopify.com/s/files/1/0094/4839/0711/articles/10_1445x8b2c.jpg]
[tymobeauty.com/blogs/news.html]
[cdn.shopify.com/s/files/1/0094/4839/0711/articles/3_1200x1200c0fd.jpg]
[cdn.shopify.com/s/files/1/0094/4839/0711/t/32/assets/textSlideshow0adf.js]
[tymobeauty.com/blogs/news/POST]
[cdn.shopify.com/s/files/1/0094/4839/0711/articles/3_1000x1000c0fd.jpg]
[cdn.shopify.com/s/files/1/0094/4839/0711/articles/3_1445xc0fd.jpg]
[cdn.shopify.com/s/files/1/0094/4839/0711/files/20191213161502_grande98d3.jpg]
[cdn.shopify.com/s/files/1/0094/4839/0711/files/20191213161506_grande5048.jpg]
[cdn.shopify.com/s/files/1/0094/4839/0711/files/20191213161444_grandeb674.jpg]
[tymobeauty.com/blogs/news/why-tymo-ring-is-best-hair-straightening-comb.html]
[cdn.shopify.com/s/files/1/0094/4839/0711/articles/7_1200x12000eae.jpg]
[cdn.shopify.com/s/files/1/0094/4839/0711/articles/7_1000x10000eae.jpg]
[cdn.shopify.com/s/files/1/0094/4839/0711/articles/7_1445x0eae.jpg]
[tymobeauty.com/products/tymo-ionic.html]
[cdn.shopify.com/s/files/1/0094/4839/0711/files/20191216134333_largeb8f7.jpg]
[tymobeauty.com/blogs/news/styling-tips-and-tricks-with-hair-brush-straightener.html]
[cdn.shopify.com/s/files/1/0094/4839/0711/articles/6_1200x1200d771.jpg]
[cdn.shopify.com/s/files/1/0094/4839/0711/articles/6_1000x1000d771.jpg]
[cdn.shopify.com/s/files/1/0094/4839/0711/articles/6_1445xd771.jpg]
[cdn.shopify.com/s/files/1/0094/4839/0711/files/5_large9954.jpg]
[tymobeauty.com/blogs/news/flat-iron-hair-style-with-quality-result.html]
[cdn.shopify.com/s/files/1/0094/4839/0711/articles/9_1200x12003da8.jpg]
[cdn.shopify.com/s/files/1/0094/4839/0711/articles/9_1000x10003da8.jpg]
[cdn.shopify.com/s/files/1/0094/4839/0711/articles/9_1445x3da8.jpg]
[cdn.shopify.com/s/files/1/0094/4839/0711/files/2_5eb1a5f0-a54d-48fc-8af1-639cb33e9ad4_grande0eb5.jpg]
[cdn.shopify.com/s/files/1/0094/4839/0711/files/3_e0f48613-4f3e-4bb6-bb2c-d461fd4a8e95_grande9ea3.jpg]
[cdn.shopify.com/s/files/1/0094/4839/0711/files/5_b2e0c6f7-d793-4922-a99f-e3fcd92ed46f_grande111f.jpg]
[tymobeauty.com/blogs/news/6-benefits-of-styling-hair-with-tymo-ring-hair-straightener.html]
[cdn.shopify.com/s/files/1/0094/4839/0711/articles/10_1200x12008b2c.jpg]
[tymobeauty.com/blogs/news/best-hair-straightening-brush-of-2020-review.html]
[cdn.shopify.com/s/files/1/0094/4839/0711/articles/1106_1200x1200cdd3.jpg]
[cdn.shopifycdn.net/s/files/1/0094/4839/0711/files/1_fc8cf6b5-cd5b-452c-8ba1-ca0e683ade21_480x4808e69.jpg]
[cdn.shopifycdn.net/s/files/1/0094/4839/0711/files/2_480x4808e69.png]
[cdn.shopifycdn.net/s/files/1/0094/4839/0711/files/3_a3422bc4-1a50-4a27-affd-3bb3b28dfd39_480x4806f14.png]
[cdn.shopifycdn.net/s/files/1/0094/4839/0711/files/4_480x4808e69.png]
[cdn.shopifycdn.net/s/files/1/0094/4839/0711/files/5_480x4808e69.png]
[cdn.shopifycdn.net/s/files/1/0094/4839/0711/files/6_480x4808e69.png]
[cdn.shopifycdn.net/s/files/1/0094/4839/0711/files/7_480x4808e69.png]
[cdn.shopifycdn.net/s/files/1/0094/4839/0711/files/8_480x4806f14.png]
[cdn.shopifycdn.net/s/files/1/0094/4839/0711/files/9_e78ee17a-9a8c-43d0-b2b9-08e3528028ee_480x4808e69.jpg]
[cdn.shopifycdn.net/s/files/1/0094/4839/0711/files/10_60e13ac9-cbe8-4225-896c-c83795c921dd_480x4808e69.jpg]
[cdn.shopifycdn.net/s/files/1/0094/4839/0711/files/12_480x480a2f3.jpg]
[tymobeauty.com/blogs/news/testing-straightening-techniques-using-tymo-ring-with-milabu-and-macy.html]
[tymobeauty.com/pages/contact-us.html]
[cdn.shopify.com/shopifycloud/shopify/assets/themes_support/shopify_common-8ea6ac3faf357236a97f5de749df4da6e8436ca107bc3a4ee805cbf08bc47392.js]
[tymobeauty.com/account/POST]
[tymobeauty.com/account/login.html]
[tymobeauty.com/account/register.html]
[cdn.shopify.com/s/global/search.css]
[cdn.shopify.com/s/files/1/0094/4839/0711/t/32/assets/filteringac00.js]
[tymobeauty.com/searchacb3.html]
[tymobeauty.com/search.html]
[tymobeauty.com/cart.html]
[cdn.shopify.com/s/files/1/0094/4839/0711/t/32/assets/section-video-hero.min1a16.css]
[tymobeauty.com/collections/all.html]
[tymobeauty.com/collections/all-hair-products.atom]
[tymobeauty.com/collections/all-hair-products.oembed]
[tymobeauty.com/collections/all-hair-products/products/tymo-ring-pink.html]
[tymobeauty.com/collections/all-hair-products/products/tymo-ionic.html]
[tymobeauty.com/collections/all-hair-products/products/tymo-airflow.html]
[tymobeauty.com/collections/all-hair-products/products/tymo-aqua.html]
[tymobeauty.com/collections/all-hair-products/products/tymo-sway.html]
[tymobeauty.com/collections/all-hair-products/products/tymo-volumizer.html]
[tymobeauty.com/collections/all-hair-products/products/tymo-sway-noir.html]
[tymobeauty.com/collections/all-hair-products.html]
[cdn.shopify.com/s/files/1/0094/4839/0711/t/32/assets/section-slideshow.min3efd.css]
[cdn.shopify.com/s/files/1/0094/4839/0711/t/32/assets/section-collection-list.minc86d.css]
[tymobeauty.com/collections/all-hair-products/products/tymo-titanium-1.html]
[cdn.shopify.com/s/files/1/0094/4839/0711/collections/collection_cover_01_1200x120040e0.jpg]
[tymobeauty.com/collections/hair-straightener.atom]
[tymobeauty.com/collections/hair-straightener.oembed]
[tymobeauty.com/collections/hair-straightener/products/tymo-sway.html]
[tymobeauty.com/collections/hair-straightener/products/tymo-titanium-1.html]
[tymobeauty.com/collections/hair-straightener/products/tymo-airflow.html]
[tymobeauty.com/collections/hair-straightener.html]
[cdn.shopify.com/s/files/1/0094/4839/0711/t/32/assets/section-featured-collection.min08c3.css]
[tymobeauty.com/collections/hair-straightener/products/tymo-sway-noir.html]
[cdn.shopify.com/s/files/1/0094/4839/0711/products/1_ae9a4deb-d690-4098-a558-bd690afc2717_1200x12001181.jpg]
[cdn.shopify.com/s/files/1/0094/4839/0711/products/2_1918d09e-6094-4df5-b0f1-81b70ae49cf7_1200x12004da3.jpg]
[cdn.shopify.com/s/files/1/0094/4839/0711/products/3_2ca29f9c-571f-4ac2-afdf-a580650ca667_1200x12004da3.jpg]
[tymobeauty.com/products/tymo-hair-straightening-comb.oembed]
[tymobeauty.com/collections/all-hair-products/products/POST.1e6.delayed]
[cdn.shopify.com/s/files/1/0094/4839/0711/t/32/assets/plyr.min898a.css]
[cdn.shopify.com/s/files/1/0094/4839/0711/t/32/assets/shopify-model-viewer-ui.min8268.css]
[tymobeauty.com/collections/all-hair-products/products/media.preview_image.src]
[tymobeauty.com/collections/all-hair-products/products/media.src]
[cdn.shopify.com/s/files/1/0094/4839/0711/products/1_ae9a4deb-d690-4098-a558-bd690afc2717_1000x1181.jpg]
[cdn.shopify.com/s/files/1/0094/4839/0711/products/3_2ca29f9c-571f-4ac2-afdf-a580650ca667_1000x10004da3.jpg]
[cdn.shopify.com/s/files/1/0094/4839/0711/products/3_2ca29f9c-571f-4ac2-afdf-a580650ca667_1445x4da3.jpg]
[cdn.shopify.com/s/files/1/0094/4839/0711/products/4_9aee924a-d151-4bd5-87ff-6c988d2a2ae1_1000x10004da3.jpg]
[cdn.shopify.com/s/files/1/0094/4839/0711/products/4_9aee924a-d151-4bd5-87ff-6c988d2a2ae1_1445x4da3.jpg]
[cdn.shopify.com/s/files/1/0094/4839/0711/products/6_f5e39c36-5466-4f98-8982-c1c49f58bc49_1000x100015e6.jpg]
[cdn.shopify.com/s/files/1/0094/4839/0711/products/6_f5e39c36-5466-4f98-8982-c1c49f58bc49_1445x15e6.jpg]
[cdn.shopify.com/s/files/1/0094/4839/0711/products/7-1_1000x100015e6.jpg]
[cdn.shopify.com/s/files/1/0094/4839/0711/products/7-1_1445x15e6.jpg]
[cdn.shopify.com/s/files/1/0094/4839/0711/products/8_1c60e805-a27a-4eab-9ac0-f523595c3a42_1000x100015e6.jpg]
[cdn.shopify.com/s/files/1/0094/4839/0711/products/8_1c60e805-a27a-4eab-9ac0-f523595c3a42_1445x15e6.jpg]
[cdn.shopify.com/s/files/1/0094/4839/0711/products/2_f5ae6e90-a173-4cd4-87e1-7f98b2928d23_1000x100015e6.jpg]
[cdn.shopify.com/s/files/1/0094/4839/0711/products/2_f5ae6e90-a173-4cd4-87e1-7f98b2928d23_1445x15e6.jpg]
[cdn.shopify.com/s/files/1/0094/4839/0711/products/5_8bae4674-3209-4d3d-8d24-128a629eeacb_1000x100015e6.jpg]
[cdn.shopify.com/s/files/1/0094/4839/0711/products/5_8bae4674-3209-4d3d-8d24-128a629eeacb_1445x15e6.jpg]
[cdn.shopify.com/s/files/1/0094/4839/0711/products/4_3c19114c-a904-4b1b-b0b4-4d67a217aac0_1000x100015e6.jpg]
[cdn.shopify.com/s/files/1/0094/4839/0711/products/4_3c19114c-a904-4b1b-b0b4-4d67a217aac0_1445x15e6.jpg]
[judgeme.imgix.net/tymo-beauty/1646253385__5b87fe36-b3f7-4c5f-aa93-255ae86db179__original1350.jpg]
[judgeme.imgix.net/tymo-beauty/1646253385__5b87fe36-b3f7-4c5f-aa93-255ae86db179__original6b9a.jpg]
[judgeme.imgix.net/tymo-beauty/1646253393__9b010d73-6978-49ab-b444-288a2f85ebb5__original1350.jpg]
[judgeme.imgix.net/tymo-beauty/1646253393__9b010d73-6978-49ab-b444-288a2f85ebb5__original6b9a.jpg]
[judgeme.imgix.net/tymo-beauty/1646253401__3a646370-cca9-4cd8-88cc-0925c714fee9__original1350.jpg]
[judgeme.imgix.net/tymo-beauty/1646253401__3a646370-cca9-4cd8-88cc-0925c714fee9__original6b9a.jpg]
[judgeme.imgix.net/tymo-beauty/1601110941__8753C7F6-CB37-40BC-8569-97DF6E3191E7__original1350.jpg]
[judgeme.imgix.net/tymo-beauty/1601110941__8753C7F6-CB37-40BC-8569-97DF6E3191E7__original6b9a.jpg]
[judgeme.imgix.net/tymo-beauty/1601110941__DF3D4B00-65DA-4486-B490-D47E21EE0CAD__original1350.jpg]
[judgeme.imgix.net/tymo-beauty/1601110941__DF3D4B00-65DA-4486-B490-D47E21EE0CAD__original6b9a.jpg]
[judgeme.imgix.net/tymo-beauty/1601110942__07D1483C-B0A1-4341-88C7-209FCEBFB0F6__original1350.jpg]
[judgeme.imgix.net/tymo-beauty/1601110942__07D1483C-B0A1-4341-88C7-209FCEBFB0F6__original6b9a.jpg]
[judgeme.imgix.net/tymo-beauty/1590370935__image__original1350.jpg]
[judgeme.imgix.net/tymo-beauty/1590370935__image__original6b9a.jpg]
[judgeme.imgix.net/tymo-beauty/1590370940__image__original1350.jpg]
[judgeme.imgix.net/tymo-beauty/1590370940__image__original6b9a.jpg]
[judgeme.imgix.net/tymo-beauty/1590370944__image__original1350.jpg]
[judgeme.imgix.net/tymo-beauty/1590370944__image__original6b9a.jpg]
[tymobeauty.com/collections/all-hair-products/products/tymo-hair-straightening-comb.html]
[cdn.shopify.com/s/files/1/0094/4839/0711/t/32/assets/section-product-recommendations.min8656.css]
[tymobeauty.com/products/tymo-ring-plus.html]
[cdn.shopify.com/s/files/1/0094/4839/0711/products/1_1200x1200adf2.jpg]
[cdn.shopify.com/s/files/1/0094/4839/0711/products/2_1200x1200adf2.jpg]
[cdn.shopify.com/s/files/1/0094/4839/0711/products/3_1200x1200adf2.jpg]
[tymobeauty.com/products/tymo-ring-plus.oembed]
[cdn.shopify.com/s/files/1/0094/4839/0711/products/1_1000xadf2.jpg]
[cdn.shopify.com/s/files/1/0094/4839/0711/products/3_1000x1000adf2.jpg]
[cdn.shopify.com/s/files/1/0094/4839/0711/products/3_1445xadf2.jpg]
[cdn.shopify.com/s/files/1/0094/4839/0711/products/4_1000x1000adf2.jpg]
[cdn.shopify.com/s/files/1/0094/4839/0711/products/4_1445xadf2.jpg]
[cdn.shopify.com/s/files/1/0094/4839/0711/products/6_fe15a0b6-dc8e-4c3b-ab72-a58a25a8c85f_1000x10007a35.jpg]
[cdn.shopify.com/s/files/1/0094/4839/0711/products/6_fe15a0b6-dc8e-4c3b-ab72-a58a25a8c85f_1445x7a35.jpg]
[cdn.shopify.com/s/files/1/0094/4839/0711/products/7_fa0a1be0-2915-4eac-aa20-eac1fabb4285_1000x10007a35.jpg]
[cdn.shopify.com/s/files/1/0094/4839/0711/products/7_fa0a1be0-2915-4eac-aa20-eac1fabb4285_1445x7a35.jpg]
[cdn.shopify.com/s/files/1/0094/4839/0711/products/8_26fc6942-37db-4e47-a927-39384854be9e_1000x10007a35.jpg]
[cdn.shopify.com/s/files/1/0094/4839/0711/products/8_26fc6942-37db-4e47-a927-39384854be9e_1445x7a35.jpg]
[cdn.shopify.com/s/files/1/0094/4839/0711/products/9_a0eedc99-4ba4-4b55-9f1d-5aea3d7b3048_1000x10007a35.jpg]
[cdn.shopify.com/s/files/1/0094/4839/0711/products/9_a0eedc99-4ba4-4b55-9f1d-5aea3d7b3048_1445x7a35.jpg]
[cdn.shopify.com/s/files/1/0094/4839/0711/products/3_ring-plus_1000x100077fc.jpg]
[cdn.shopify.com/s/files/1/0094/4839/0711/products/3_ring-plus_1445x77fc.jpg]
[cdn.shopify.com/s/files/1/0094/4839/0711/products/5_efb76f1d-5d57-42c6-8667-b0a7e51b92f5_1000x100077fc.jpg]
[cdn.shopify.com/s/files/1/0094/4839/0711/products/5_efb76f1d-5d57-42c6-8667-b0a7e51b92f5_1445x77fc.jpg]
[cdn.shopify.com/s/files/1/0094/4839/0711/products/4_c269dd3c-6550-4f0d-970e-6883bcf36fa3_1000x100077fc.jpg]
[cdn.shopify.com/s/files/1/0094/4839/0711/products/4_c269dd3c-6550-4f0d-970e-6883bcf36fa3_1445x77fc.jpg]
[judgeme.imgix.net/tymo-beauty/1648325928__20211116_115349__original1350.jpg]
[judgeme.imgix.net/tymo-beauty/1648325928__20211116_115349__original6b9a.jpg]
[judgeme.imgix.net/tymo-beauty/1648325930__20220326_084015__original1350.jpg]
[judgeme.imgix.net/tymo-beauty/1648325930__20220326_084015__original6b9a.jpg]
[judgeme.imgix.net/tymo-beauty/1644415364__24b18375-90ed-43ad-93e3-310f7d72e459__original1350.jpg]
[judgeme.imgix.net/tymo-beauty/1644415364__24b18375-90ed-43ad-93e3-310f7d72e459__original6b9a.jpg]
[judgeme.imgix.net/tymo-beauty/1644415366__a78152f4-d819-4f23-9d45-283b0625587c__original1350.jpg]
[judgeme.imgix.net/tymo-beauty/1644415366__a78152f4-d819-4f23-9d45-283b0625587c__original6b9a.jpg]
[tymobeauty.com/collections/all-hair-products/products/tymo-ring-plus.html]
[tymobeauty.com/products/tymo-rota.html]
[cdn.shopify.com/s/files/1/0094/4839/0711/products/2_821cf6e7-f311-4f63-b86e-b4ca3b821635_1200x12002cb6.jpg]
[cdn.shopify.com/s/files/1/0094/4839/0711/products/1_f8724338-26e0-4e20-b94d-f6775f191fd8_1200x12002cb6.jpg]
[cdn.shopify.com/s/files/1/0094/4839/0711/products/6_1200x1200f193.jpg]
[tymobeauty.com/products/tymo-rota.oembed]
[cdn.shopify.com/s/files/1/0094/4839/0711/products/2_821cf6e7-f311-4f63-b86e-b4ca3b821635_1000x2cb6.jpg]
[cdn.shopify.com/s/files/1/0094/4839/0711/products/6_1000x1000f193.jpg]
[cdn.shopify.com/s/files/1/0094/4839/0711/products/6_1445xf193.jpg]
[cdn.shopify.com/s/files/1/0094/4839/0711/products/2_203b4920-490c-480c-a48d-368b7fb4b7ef_1000x10008c36.jpg]
[cdn.shopify.com/s/files/1/0094/4839/0711/products/2_203b4920-490c-480c-a48d-368b7fb4b7ef_1445x8c36.jpg]
[cdn.shopify.com/s/files/1/0094/4839/0711/products/4_9a576938-feb2-4c93-a63f-b2f072b65681_1000x10006768.jpg]
[cdn.shopify.com/s/files/1/0094/4839/0711/products/4_9a576938-feb2-4c93-a63f-b2f072b65681_1445x6768.jpg]
[cdn.shopify.com/s/files/1/0094/4839/0711/products/5_ae5c5737-a593-4508-9212-e72e9c89d290_1000x10006768.jpg]
[cdn.shopify.com/s/files/1/0094/4839/0711/products/5_ae5c5737-a593-4508-9212-e72e9c89d290_1445x6768.jpg]
[cdn.shopify.com/s/files/1/0094/4839/0711/products/3_1c27fec1-a6b8-4618-8acc-ab25fbcc5daa_1000x10008990.jpg]
[cdn.shopify.com/s/files/1/0094/4839/0711/products/3_1c27fec1-a6b8-4618-8acc-ab25fbcc5daa_1445x8990.jpg]
[cdn.shopify.com/s/files/1/0094/4839/0711/products/6_eba45cbb-b474-42f1-9b97-2c4601e7ba81_1000x10008990.jpg]
[cdn.shopify.com/s/files/1/0094/4839/0711/products/6_eba45cbb-b474-42f1-9b97-2c4601e7ba81_1445x8990.jpg]
[cdn.shopify.com/s/files/1/0094/4839/0711/products/7_9da104d9-a39a-4bdd-ab24-022ab3f1efb8_1000x10008990.jpg]
[cdn.shopify.com/s/files/1/0094/4839/0711/products/7_9da104d9-a39a-4bdd-ab24-022ab3f1efb8_1445x8990.jpg]
[cdn.shopify.com/s/files/1/0094/4839/0711/products/8_rota_1000x1000d68c.jpg]
[cdn.shopify.com/s/files/1/0094/4839/0711/products/8_rota_1445xd68c.jpg]
[cdn.shopify.com/s/files/1/0094/4839/0711/products/1_f6ab7f77-a7e0-40c5-8c24-1f9a1047dc4c_1000x1000d68c.jpg]
[cdn.shopify.com/s/files/1/0094/4839/0711/products/1_f6ab7f77-a7e0-40c5-8c24-1f9a1047dc4c_1445xd68c.jpg]
[cdn.shopify.com/s/files/1/0094/4839/0711/products/0_5374317f-c345-40ce-a163-4497b918bad5_1000x1000d68c.jpg]
[cdn.shopify.com/s/files/1/0094/4839/0711/products/0_5374317f-c345-40ce-a163-4497b918bad5_1445xd68c.jpg]
[judgeme.imgix.net/tymo-beauty/1649750712__2022-04-1231501__original1350.jpg]
[judgeme.imgix.net/tymo-beauty/1649750712__2022-04-1231501__original6b9a.jpg]
[judgeme.imgix.net/tymo-beauty/1649750715__2022-04-1231518__original1350.jpg]
[judgeme.imgix.net/tymo-beauty/1649750715__2022-04-1231518__original6b9a.jpg]
[judgeme.imgix.net/tymo-beauty/1649750574__2022-04-1231246__original1350.jpg]
[judgeme.imgix.net/tymo-beauty/1649750574__2022-04-1231246__original6b9a.jpg]
[judgeme.imgix.net/tymo-beauty/1649750577__2022-04-1231330__original1350.jpg]
[judgeme.imgix.net/tymo-beauty/1649750577__2022-04-1231330__original6b9a.jpg]
[judgeme.imgix.net/tymo-beauty/1649750294__2022-04-1231812__original1350.jpg]
[judgeme.imgix.net/tymo-beauty/1649750294__2022-04-1231812__original6b9a.jpg]
[tymobeauty.com/collections/all-hair-products/products/tymo-rota.html]
[cdn.shopify.com/s/files/1/0094/4839/0711/products/01_ecb64c0c-b5e2-42f4-87ce-f737b242bd39_1200x12003d7d.jpg]
[cdn.shopify.com/s/files/1/0094/4839/0711/products/02_64af6c4f-1cd5-4257-8fc7-93a54613eb8a_1200x1200f4ab.jpg]
[cdn.shopify.com/s/files/1/0094/4839/0711/products/03_1200x1200f4ab.jpg]
[tymobeauty.com/products/tymo-highspeed.oembed]
[cdn.shopify.com/s/files/1/0094/4839/0711/products/01_ecb64c0c-b5e2-42f4-87ce-f737b242bd39_1000x3d7d.jpg]
[cdn.shopify.com/s/files/1/0094/4839/0711/products/03_1000x1000f4ab.jpg]
[cdn.shopify.com/s/files/1/0094/4839/0711/products/03_1445xf4ab.jpg]
[cdn.shopify.com/s/files/1/0094/4839/0711/products/04_1000x1000f4ab.jpg]
[cdn.shopify.com/s/files/1/0094/4839/0711/products/04_1445xf4ab.jpg]
[cdn.shopify.com/s/files/1/0094/4839/0711/products/05_11157b1b-e8f8-4026-b5dd-ec66d86827e8_1000x1000f4ab.jpg]
[cdn.shopify.com/s/files/1/0094/4839/0711/products/05_11157b1b-e8f8-4026-b5dd-ec66d86827e8_1445xf4ab.jpg]
[cdn.shopify.com/s/files/1/0094/4839/0711/products/2_45d5cd7e-dc63-4531-89ba-cac46a42c5db_1000x10005da7.jpg]
[cdn.shopify.com/s/files/1/0094/4839/0711/products/2_45d5cd7e-dc63-4531-89ba-cac46a42c5db_1445x5da7.jpg]
[cdn.shopify.com/s/files/1/0094/4839/0711/products/3_c075ff12-c9bf-47f8-9402-ca33702ec0e4_1000x10005da7.jpg]
[cdn.shopify.com/s/files/1/0094/4839/0711/products/3_c075ff12-c9bf-47f8-9402-ca33702ec0e4_1445x5da7.jpg]
[cdn.shopify.com/s/files/1/0094/4839/0711/products/4_0100c24a-9ea1-419c-9bfb-79df934bc43b_1000x10005da7.jpg]
[cdn.shopify.com/s/files/1/0094/4839/0711/products/4_0100c24a-9ea1-419c-9bfb-79df934bc43b_1445x5da7.jpg]
[cdn.shopify.com/s/files/1/0094/4839/0711/products/5_4d7cab5b-4e30-4e85-8801-d680f7e524c8_1000x10005da7.jpg]
[cdn.shopify.com/s/files/1/0094/4839/0711/products/5_4d7cab5b-4e30-4e85-8801-d680f7e524c8_1445x5da7.jpg]
[cdn.shopify.com/s/files/1/0094/4839/0711/products/6_4821965f-479e-4601-b765-834812b83128_1000x10005da7.jpg]
[cdn.shopify.com/s/files/1/0094/4839/0711/products/6_4821965f-479e-4601-b765-834812b83128_1445x5da7.jpg]
[cdn.shopify.com/s/files/1/0094/4839/0711/products/5_highspeed_1000x10007ab5.jpg]
[cdn.shopify.com/s/files/1/0094/4839/0711/products/5_highspeed_1445x7ab5.jpg]
[cdn.shopify.com/s/files/1/0094/4839/0711/products/1_4db45df3-657a-44d5-a02b-7b442ad55029_1000x10007ab5.jpg]
[cdn.shopify.com/s/files/1/0094/4839/0711/products/1_4db45df3-657a-44d5-a02b-7b442ad55029_1445x7ab5.jpg]
[cdn.shopify.com/s/files/1/0094/4839/0711/products/0_c2e4eb3f-dd3c-48d4-8950-c0ccaec68bf8_1000x10007ab5.jpg]
[cdn.shopify.com/s/files/1/0094/4839/0711/products/0_c2e4eb3f-dd3c-48d4-8950-c0ccaec68bf8_1445x7ab5.jpg]
[judgeme.imgix.net/tymo-beauty/1626405239__WechatIMG1170__original1350.jpg]
[judgeme.imgix.net/tymo-beauty/1626405239__WechatIMG1170__original6b9a.jpg]
[tymobeauty.com/collections/all-hair-products/products/tymo-highspeed.html]
[cdn.shopify.com/s/files/1/0094/4839/0711/t/32/assets/section-image-with-text.min9c47.css]
[tymobeauty.com/products/POST.2d0.delayed]
[tymobeauty.com/products/media.preview_image.src]
[tymobeauty.com/products/media.src]
[tymobeauty.com/products/tymo-hair-straightening-comb.html]
[tymobeauty.com/pages/abtou-tymo-1.html]
[tymobeauty.com/collections/hair-straightener/products/POST]
[tymobeauty.com/collections/hair-straightener/products/media.preview_image.src]
[tymobeauty.com/collections/hair-straightener/products/media.src]
[tymobeauty.com/collections/hair-straightener/products/tymo-hair-straightening-comb.html]
[tymobeauty.com/products/tymo-ring-pink.html]
[cdn.shopify.com/s/files/1/0094/4839/0711/products/2_ad85aebf-f937-44ca-9d1c-e513ba491caf_1200x12006648.jpg]
[cdn.shopify.com/s/files/1/0094/4839/0711/products/1_04d3e2ca-02e2-4941-aefc-1a0c4ccb9ba8_1200x12006648.jpg]
[cdn.shopify.com/s/files/1/0094/4839/0711/products/3_f032c188-060c-4812-a8e3-12d06c371c74_1200x120087ef.jpg]
[tymobeauty.com/products/tymo-ring-pink.oembed]
[cdn.shopify.com/s/files/1/0094/4839/0711/products/2_ad85aebf-f937-44ca-9d1c-e513ba491caf_1000x6648.jpg]
[cdn.shopify.com/s/files/1/0094/4839/0711/products/3_f032c188-060c-4812-a8e3-12d06c371c74_1000x100087ef.jpg]
[cdn.shopify.com/s/files/1/0094/4839/0711/products/3_f032c188-060c-4812-a8e3-12d06c371c74_1445x87ef.jpg]
[cdn.shopify.com/s/files/1/0094/4839/0711/products/4_ca93175e-ce43-40c4-b5b6-81beef00136a_1000x100087ef.jpg]
[cdn.shopify.com/s/files/1/0094/4839/0711/products/4_ca93175e-ce43-40c4-b5b6-81beef00136a_1445x87ef.jpg]
[cdn.shopify.com/s/files/1/0094/4839/0711/products/6_3eab2eda-b4c1-46a1-b1ef-ecd695cd1c3c_1000x1000d9bb.jpg]
[cdn.shopify.com/s/files/1/0094/4839/0711/products/6_3eab2eda-b4c1-46a1-b1ef-ecd695cd1c3c_1445xd9bb.jpg]
[cdn.shopify.com/s/files/1/0094/4839/0711/products/7_a1f595cc-df8f-45d9-bf23-fd12f48d5e0e_1000x1000d9bb.jpg]
[cdn.shopify.com/s/files/1/0094/4839/0711/products/7_a1f595cc-df8f-45d9-bf23-fd12f48d5e0e_1445xd9bb.jpg]
[cdn.shopify.com/s/files/1/0094/4839/0711/products/8_c6486712-f026-4eee-ad94-d7dbbf9628d3_1000x1000d9bb.jpg]
[cdn.shopify.com/s/files/1/0094/4839/0711/products/8_c6486712-f026-4eee-ad94-d7dbbf9628d3_1445xd9bb.jpg]
[cdn.shopify.com/s/files/1/0094/4839/0711/products/9_a9b8c19d-efdf-450a-92d1-12a4523393d0_1000x1000d9bb.jpg]
[cdn.shopify.com/s/files/1/0094/4839/0711/products/9_a9b8c19d-efdf-450a-92d1-12a4523393d0_1445xd9bb.jpg]
[cdn.shopify.com/s/files/1/0094/4839/0711/products/2_ring-pink_1000x10008c37.jpg]
[cdn.shopify.com/s/files/1/0094/4839/0711/products/2_ring-pink_1445x8c37.jpg]
[cdn.shopify.com/s/files/1/0094/4839/0711/products/5_770b56a3-d4cb-4e00-bc89-6016df6f976a_1000x10008c37.jpg]
[cdn.shopify.com/s/files/1/0094/4839/0711/products/5_770b56a3-d4cb-4e00-bc89-6016df6f976a_1445x8c37.jpg]
[cdn.shopify.com/s/files/1/0094/4839/0711/products/4_9cb211a4-21e1-4540-8c6f-c7d041b3021a_1000x10008c37.jpg]
[cdn.shopify.com/s/files/1/0094/4839/0711/products/4_9cb211a4-21e1-4540-8c6f-c7d041b3021a_1445x8c37.jpg]
[tymobeauty.com/collections/hair-straightener/products/tymo-ring-pink.html]
[cdn.shopify.com/s/files/1/0094/4839/0711/products/1_bb64bdf2-b6bc-43ff-84c4-332e55b40d64_1200x120065be.jpg]
[cdn.shopify.com/s/files/1/0094/4839/0711/products/2_83ba8d34-c21d-490f-9527-a5c31c758b95_1200x120065be.jpg]
[cdn.shopify.com/s/files/1/0094/4839/0711/products/3_7cdf491e-d9b1-4f28-8128-fa781c46f2a9_1200x120065be.jpg]
[tymobeauty.com/products/tymo-ionic.oembed]
[cdn.shopify.com/s/files/1/0094/4839/0711/products/1_bb64bdf2-b6bc-43ff-84c4-332e55b40d64_1000x65be.jpg]
[cdn.shopify.com/s/files/1/0094/4839/0711/products/3_7cdf491e-d9b1-4f28-8128-fa781c46f2a9_1000x100065be.jpg]
[cdn.shopify.com/s/files/1/0094/4839/0711/products/3_7cdf491e-d9b1-4f28-8128-fa781c46f2a9_1445x65be.jpg]
[cdn.shopify.com/s/files/1/0094/4839/0711/products/4_93f4aad1-7d2f-4b91-ae9b-34e019e823ac_1000x10006916.jpg]
[cdn.shopify.com/s/files/1/0094/4839/0711/products/4_93f4aad1-7d2f-4b91-ae9b-34e019e823ac_1445x6916.jpg]
[cdn.shopify.com/s/files/1/0094/4839/0711/products/2_e13fc5c1-d86d-48d9-a03b-c616f411cfb1_1000x10000906.jpg]
[cdn.shopify.com/s/files/1/0094/4839/0711/products/2_e13fc5c1-d86d-48d9-a03b-c616f411cfb1_1445x0906.jpg]
[cdn.shopify.com/s/files/1/0094/4839/0711/products/3_9f381ebe-416b-40e3-a10b-7b4cfd2657fd_1000x10000906.jpg]
[cdn.shopify.com/s/files/1/0094/4839/0711/products/3_9f381ebe-416b-40e3-a10b-7b4cfd2657fd_1445x0906.jpg]
[cdn.shopify.com/s/files/1/0094/4839/0711/products/4_47fcbb96-749a-439b-9308-08a5787a560c_1000x10000906.jpg]
[cdn.shopify.com/s/files/1/0094/4839/0711/products/4_47fcbb96-749a-439b-9308-08a5787a560c_1445x0906.jpg]
[cdn.shopify.com/s/files/1/0094/4839/0711/products/5_80a663cb-2d22-4b8d-a277-83b8e664312b_1000x10000906.jpg]
[cdn.shopify.com/s/files/1/0094/4839/0711/products/5_80a663cb-2d22-4b8d-a277-83b8e664312b_1445x0906.jpg]
[cdn.shopify.com/s/files/1/0094/4839/0711/products/4_ionic_1000x1000492f.jpg]
[cdn.shopify.com/s/files/1/0094/4839/0711/products/4_ionic_1445x492f.jpg]
[cdn.shopify.com/s/files/1/0094/4839/0711/products/1_5388412f-5701-414f-8360-3df519fb547f_1000x1000492f.jpg]
[cdn.shopify.com/s/files/1/0094/4839/0711/products/1_5388412f-5701-414f-8360-3df519fb547f_1445x492f.jpg]
[cdn.shopify.com/s/files/1/0094/4839/0711/products/0_38f42e9e-5a8f-410c-b5e8-c90f2b9b7269_1000x1000492f.jpg]
[cdn.shopify.com/s/files/1/0094/4839/0711/products/0_38f42e9e-5a8f-410c-b5e8-c90f2b9b7269_1445x492f.jpg]
[judgeme.imgix.net/tymo-beauty/1627924822__F97B870D-8288-4B1D-B595-BF05A15DC05F__original1350.jpg]
[judgeme.imgix.net/tymo-beauty/1627924822__F97B870D-8288-4B1D-B595-BF05A15DC05F__original6b9a.jpg]
[judgeme.imgix.net/tymo-beauty/1627924836__710676B2-B15B-4527-815F-FB4B04F94A56__original1350.jpg]
[judgeme.imgix.net/tymo-beauty/1627924836__710676B2-B15B-4527-815F-FB4B04F94A56__original6b9a.jpg]
[tymobeauty.com/collections/hair-straightener/products/tymo-ionic.html]
[tymobeauty.com/collections/hair-straightener/products/tymo-ring-plus.html]
[tymobeauty.com/products/tymo-airflow.html]
[cdn.shopify.com/s/files/1/0094/4839/0711/products/2_62907a3c-2c99-48a0-9563-b327a1bef0a2_1200x1200f03c.jpg]
[cdn.shopify.com/s/files/1/0094/4839/0711/products/1_5934e896-66eb-4561-bf55-a0cb3e44b417_1200x1200f03c.jpg]
[cdn.shopify.com/s/files/1/0094/4839/0711/products/4_365856ba-5651-4781-83b2-510abcb1f380_1200x1200f03c.jpg]
[tymobeauty.com/products/tymo-airflow.oembed]
[tymobeauty.com/collections/hair-curler/products/POST.342.delayed]
[tymobeauty.com/collections/hair-curler/products/media.preview_image.src]
[tymobeauty.com/collections/hair-curler/products/media.src]
[cdn.shopify.com/s/files/1/0094/4839/0711/products/2_62907a3c-2c99-48a0-9563-b327a1bef0a2_1000xf03c.jpg]
[cdn.shopify.com/s/files/1/0094/4839/0711/products/4_365856ba-5651-4781-83b2-510abcb1f380_1000x1000f03c.jpg]
[cdn.shopify.com/s/files/1/0094/4839/0711/products/4_365856ba-5651-4781-83b2-510abcb1f380_1445xf03c.jpg]
[cdn.shopify.com/s/files/1/0094/4839/0711/products/2_938abeeb-3e83-482f-8654-a8ddb677027e_1000x1000e25e.jpg]
[cdn.shopify.com/s/files/1/0094/4839/0711/products/2_938abeeb-3e83-482f-8654-a8ddb677027e_1445xe25e.jpg]
[cdn.shopify.com/s/files/1/0094/4839/0711/products/4_ef972a32-8a30-4fe2-af18-dd03795e3989_1000x10004dee.jpg]
[cdn.shopify.com/s/files/1/0094/4839/0711/products/4_ef972a32-8a30-4fe2-af18-dd03795e3989_1445x4dee.jpg]
[cdn.shopify.com/s/files/1/0094/4839/0711/products/5_9779713b-0761-4a4c-b3a9-492ebd580725_1000x10004dee.jpg]
[cdn.shopify.com/s/files/1/0094/4839/0711/products/5_9779713b-0761-4a4c-b3a9-492ebd580725_1445x4dee.jpg]
[cdn.shopify.com/s/files/1/0094/4839/0711/products/3_5f3fed42-05e7-4cab-8c69-16d24418fa94_1000x1000624b.jpg]
[cdn.shopify.com/s/files/1/0094/4839/0711/products/3_5f3fed42-05e7-4cab-8c69-16d24418fa94_1445x624b.jpg]
[cdn.shopify.com/s/files/1/0094/4839/0711/products/6_7daabfed-b87a-4b04-8af8-75c07dd8a603_1000x1000624b.jpg]
[cdn.shopify.com/s/files/1/0094/4839/0711/products/6_7daabfed-b87a-4b04-8af8-75c07dd8a603_1445x624b.jpg]
[cdn.shopify.com/s/files/1/0094/4839/0711/products/7_06d71d9e-e5c2-4169-860d-80afbc81b218_1000x1000624b.jpg]
[cdn.shopify.com/s/files/1/0094/4839/0711/products/7_06d71d9e-e5c2-4169-860d-80afbc81b218_1445x624b.jpg]
[cdn.shopify.com/s/files/1/0094/4839/0711/products/6_airflow_1000x10002b08.jpg]
[cdn.shopify.com/s/files/1/0094/4839/0711/products/6_airflow_1445x2b08.jpg]
[cdn.shopify.com/s/files/1/0094/4839/0711/products/1_8dbd1bb3-694c-42c6-9c28-bb413eb4857a_1000x10002b08.jpg]
[cdn.shopify.com/s/files/1/0094/4839/0711/products/1_8dbd1bb3-694c-42c6-9c28-bb413eb4857a_1445x2b08.jpg]
[cdn.shopify.com/s/files/1/0094/4839/0711/products/0_ef60caef-21e0-441c-aaf9-688acae932d6_1000x10002b08.jpg]
[cdn.shopify.com/s/files/1/0094/4839/0711/products/0_ef60caef-21e0-441c-aaf9-688acae932d6_1445x2b08.jpg]
[judgeme.imgix.net/tymo-beauty/1649834452__2022-04-1214510__original1350.jpg]
[judgeme.imgix.net/tymo-beauty/1649834452__2022-04-1214510__original6b9a.jpg]
[judgeme.imgix.net/tymo-beauty/1649834456__2022-04-1214819__original1350.jpg]
[judgeme.imgix.net/tymo-beauty/1649834456__2022-04-1214819__original6b9a.jpg]
[judgeme.imgix.net/tymo-beauty/1649833762__wechatimg2058__original1350.jpg]
[judgeme.imgix.net/tymo-beauty/1649833762__wechatimg2058__original6b9a.jpg]
[judgeme.imgix.net/tymo-beauty/1649833764__wechatimg2059__original1350.jpg]
[judgeme.imgix.net/tymo-beauty/1649833764__wechatimg2059__original6b9a.jpg]
[judgeme.imgix.net/tymo-beauty/1649745984__wechatimg2057__original1350.jpg]
[judgeme.imgix.net/tymo-beauty/1649745984__wechatimg2057__original6b9a.jpg]
[judgeme.imgix.net/tymo-beauty/1649745987__2022-04-1214943__original1350.jpg]
[judgeme.imgix.net/tymo-beauty/1649745987__2022-04-1214943__original6b9a.jpg]
[judgeme.imgix.net/tymo-beauty/1649745798__2022-04-1215049__original1350.jpg]
[judgeme.imgix.net/tymo-beauty/1649745798__2022-04-1215049__original6b9a.jpg]
[judgeme.imgix.net/tymo-beauty/1649745801__2022-04-1214922__original1350.jpg]
[judgeme.imgix.net/tymo-beauty/1649745801__2022-04-1214922__original6b9a.jpg]
[judgeme.imgix.net/tymo-beauty/1649745495__2022-04-1221316__original1350.jpg]
[judgeme.imgix.net/tymo-beauty/1649745495__2022-04-1221316__original6b9a.jpg]
[judgeme.imgix.net/tymo-beauty/1649745497__2022-04-1221327__original1350.jpg]
[judgeme.imgix.net/tymo-beauty/1649745497__2022-04-1221327__original6b9a.jpg]
[tymobeauty.com/collections/hair-curler/products/tymo-airflow.html]
[tymobeauty.com/collections/hair-curler/products/tymo-rota.html]
[tymobeauty.com/products/tymo-aqua.html]
[cdn.shopify.com/s/files/1/0094/4839/0711/products/2_80f434a9-2caf-49a5-a95a-23ec88996e2c_1200x1200e0a9.jpg]
[cdn.shopify.com/s/files/1/0094/4839/0711/products/1_2cd66941-cfc5-4a41-82c9-4882e5b5edea_1200x1200e0a9.jpg]
[cdn.shopify.com/s/files/1/0094/4839/0711/products/3_8793810a-d795-490f-a51d-a7f9c8e208c6_1200x1200a567.jpg]
[tymobeauty.com/products/tymo-aqua.oembed]
[cdn.shopify.com/s/files/1/0094/4839/0711/products/2_80f434a9-2caf-49a5-a95a-23ec88996e2c_1000xe0a9.jpg]
[cdn.shopify.com/s/files/1/0094/4839/0711/products/3_8793810a-d795-490f-a51d-a7f9c8e208c6_1000x1000a567.jpg]
[cdn.shopify.com/s/files/1/0094/4839/0711/products/3_8793810a-d795-490f-a51d-a7f9c8e208c6_1445xa567.jpg]
[cdn.shopify.com/s/files/1/0094/4839/0711/products/2_4ed81cbd-b4bb-4fb0-af7d-1c5b1cc8bda7_1000x1000bc3e.jpg]
[cdn.shopify.com/s/files/1/0094/4839/0711/products/2_4ed81cbd-b4bb-4fb0-af7d-1c5b1cc8bda7_1445xbc3e.jpg]
[cdn.shopify.com/s/files/1/0094/4839/0711/products/3_34df2693-bd93-4045-8b36-d559fc83a656_1000x1000bc3e.jpg]
[cdn.shopify.com/s/files/1/0094/4839/0711/products/3_34df2693-bd93-4045-8b36-d559fc83a656_1445xbc3e.jpg]
[cdn.shopify.com/s/files/1/0094/4839/0711/products/4_f0d11ca3-552f-4375-971d-00f5c05c9af3_1000x1000bc3e.jpg]
[cdn.shopify.com/s/files/1/0094/4839/0711/products/4_f0d11ca3-552f-4375-971d-00f5c05c9af3_1445xbc3e.jpg]
[cdn.shopify.com/s/files/1/0094/4839/0711/products/5_ff4d539e-405f-4043-9de1-2fd46c3354de_1000x1000bc3e.jpg]
[cdn.shopify.com/s/files/1/0094/4839/0711/products/5_ff4d539e-405f-4043-9de1-2fd46c3354de_1445xbc3e.jpg]
[cdn.shopify.com/s/files/1/0094/4839/0711/products/6_cdf152b5-e396-41a3-8296-5f880f7db53a_1000x1000bc3e.jpg]
[cdn.shopify.com/s/files/1/0094/4839/0711/products/6_cdf152b5-e396-41a3-8296-5f880f7db53a_1445xbc3e.jpg]
[cdn.shopify.com/s/files/1/0094/4839/0711/products/7_aqua_1000x1000264c.jpg]
[cdn.shopify.com/s/files/1/0094/4839/0711/products/7_aqua_1445x264c.jpg]
[cdn.shopify.com/s/files/1/0094/4839/0711/products/1_607a29a8-ecdb-4a24-89df-8ae690be397a_1000x1000264c.jpg]
[cdn.shopify.com/s/files/1/0094/4839/0711/products/1_607a29a8-ecdb-4a24-89df-8ae690be397a_1445x264c.jpg]
[cdn.shopify.com/s/files/1/0094/4839/0711/products/0_69bffcbf-b69e-4a63-8b93-a8bcef24a7b8_1000x1000264c.jpg]
[cdn.shopify.com/s/files/1/0094/4839/0711/products/0_69bffcbf-b69e-4a63-8b93-a8bcef24a7b8_1445x264c.jpg]
[judgeme.imgix.net/tymo-beauty/1649757645__2022-04-1241848__original1350.jpg]
[judgeme.imgix.net/tymo-beauty/1649757645__2022-04-1241848__original6b9a.jpg]
[judgeme.imgix.net/tymo-beauty/1649757647__2022-04-1242040__original1350.jpg]
[judgeme.imgix.net/tymo-beauty/1649757647__2022-04-1242040__original6b9a.jpg]
[judgeme.imgix.net/tymo-beauty/1649757524__2022-04-1241738__original1350.jpg]
[judgeme.imgix.net/tymo-beauty/1649757524__2022-04-1241738__original6b9a.jpg]
[judgeme.imgix.net/tymo-beauty/1649757529__2022-04-1241812__original1350.jpg]
[judgeme.imgix.net/tymo-beauty/1649757529__2022-04-1241812__original6b9a.jpg]
[judgeme.imgix.net/tymo-beauty/1649757434__2022-04-1241552__original1350.jpg]
[judgeme.imgix.net/tymo-beauty/1649757434__2022-04-1241552__original6b9a.jpg]
[judgeme.imgix.net/tymo-beauty/1649757436__2022-04-1241611__original1350.jpg]
[judgeme.imgix.net/tymo-beauty/1649757436__2022-04-1241611__original6b9a.jpg]
[tymobeauty.com/collections/hair-curler/products/tymo-aqua.html]
[tymobeauty.com/products/tymo-highspeed.html]
[tymobeauty.com/collections/hair-dryer/products/POST.3c1.delayed]
[tymobeauty.com/collections/hair-dryer/products/media.preview_image.src]
[tymobeauty.com/collections/hair-dryer/products/media.src]
[tymobeauty.com/collections/hair-dryer/products/tymo-highspeed.html]
[tymobeauty.com/products/tymo-volumizer.html]
[cdn.shopify.com/s/files/1/0094/4839/0711/products/IMAGE_EDIT_4082ddd4-60d8-4305-b31d-56e3f2019c6a_1200x12000aa9.png]
[cdn.shopify.com/s/files/1/0094/4839/0711/products/IMAGE_EDIT_178d3853-0199-4c2d-97d9-f0712856b692_1200x12000aa9.png]
[cdn.shopify.com/s/files/1/0094/4839/0711/products/4_12498f1e-8c48-4446-8fbc-c0a23ab91495_1200x12000aa9.jpg]
[tymobeauty.com/products/tymo-volumizer.oembed]
[cdn.shopify.com/s/files/1/0094/4839/0711/products/IMAGE_EDIT_4082ddd4-60d8-4305-b31d-56e3f2019c6a_1000x0aa9.png]
[cdn.shopify.com/s/files/1/0094/4839/0711/products/IMAGE_EDIT_178d3853-0199-4c2d-97d9-f0712856b692_1000x10000aa9.png]
[cdn.shopify.com/s/files/1/0094/4839/0711/products/IMAGE_EDIT_178d3853-0199-4c2d-97d9-f0712856b692_1445x0aa9.png]
[cdn.shopify.com/s/files/1/0094/4839/0711/products/4_12498f1e-8c48-4446-8fbc-c0a23ab91495_1000x10000aa9.jpg]
[cdn.shopify.com/s/files/1/0094/4839/0711/products/4_12498f1e-8c48-4446-8fbc-c0a23ab91495_1445x0aa9.jpg]
[cdn.shopify.com/s/files/1/0094/4839/0711/products/HC300-5_1000x10000aa9.jpg]
[cdn.shopify.com/s/files/1/0094/4839/0711/products/HC300-5_1445x0aa9.jpg]
[cdn.shopify.com/s/files/1/0094/4839/0711/products/2_b437d893-f51d-44d6-b8cd-95cf871e8771_1000x10002a0e.jpg]
[cdn.shopify.com/s/files/1/0094/4839/0711/products/2_b437d893-f51d-44d6-b8cd-95cf871e8771_1445x2a0e.jpg]
[cdn.shopify.com/s/files/1/0094/4839/0711/products/3_71cd54fd-3bd6-465a-b8b9-9b145d4b1852_1000x10002a0e.jpg]
[cdn.shopify.com/s/files/1/0094/4839/0711/products/3_71cd54fd-3bd6-465a-b8b9-9b145d4b1852_1445x2a0e.jpg]
[cdn.shopify.com/s/files/1/0094/4839/0711/products/4_11c084c3-6a11-4f20-b344-908fb3759659_1000x10002a0e.jpg]
[cdn.shopify.com/s/files/1/0094/4839/0711/products/4_11c084c3-6a11-4f20-b344-908fb3759659_1445x2a0e.jpg]
[cdn.shopify.com/s/files/1/0094/4839/0711/products/5_ab7a35f3-6097-4cd2-b268-890ac38ccdb2_1000x10002a0e.jpg]
[cdn.shopify.com/s/files/1/0094/4839/0711/products/5_ab7a35f3-6097-4cd2-b268-890ac38ccdb2_1445x2a0e.jpg]
[cdn.shopify.com/s/files/1/0094/4839/0711/products/1_168d598d-6327-4249-ad06-941262249992_1000x10002a0e.jpg]
[cdn.shopify.com/s/files/1/0094/4839/0711/products/1_168d598d-6327-4249-ad06-941262249992_1445x2a0e.jpg]
[cdn.shopify.com/s/files/1/0094/4839/0711/products/0_75066287-1d57-41ef-91d4-c075e0f5694a_1000x10002a0e.jpg]
[cdn.shopify.com/s/files/1/0094/4839/0711/products/0_75066287-1d57-41ef-91d4-c075e0f5694a_1445x2a0e.jpg]
[judgeme.imgix.net/tymo-beauty/1626406299__WechatIMG1178__original1350.jpg]
[judgeme.imgix.net/tymo-beauty/1626406299__WechatIMG1178__original6b9a.jpg]
[judgeme.imgix.net/tymo-beauty/1626406300__WechatIMG1179__original1350.jpg]
[judgeme.imgix.net/tymo-beauty/1626406300__WechatIMG1179__original6b9a.jpg]
[judgeme.imgix.net/tymo-beauty/1626406119__WechatIMG1177__original1350.jpg]
[judgeme.imgix.net/tymo-beauty/1626406119__WechatIMG1177__original6b9a.jpg]
[judgeme.imgix.net/tymo-beauty/1626405924__WechatIMG1176__original1350.jpg]
[judgeme.imgix.net/tymo-beauty/1626405924__WechatIMG1176__original6b9a.jpg]
[judgeme.imgix.net/tymo-beauty/1626405928__WechatIMG1173__original1350.jpg]
[judgeme.imgix.net/tymo-beauty/1626405928__WechatIMG1173__original6b9a.jpg]
[judgeme.imgix.net/tymo-beauty/1626405932__WechatIMG1172__original1350.jpg]
[judgeme.imgix.net/tymo-beauty/1626405932__WechatIMG1172__original6b9a.jpg]
[judgeme.imgix.net/tymo-beauty/1626405618__WechatIMG1171__original1350.jpg]
[judgeme.imgix.net/tymo-beauty/1626405618__WechatIMG1171__original6b9a.jpg]
[tymobeauty.com/collections/hair-dryer/products/tymo-volumizer.html]
[cdn.shopify.com/s/files/1/0094/4839/0711/t/32/assets/section-gallery.min3855.css]
[cdn.shopify.com/s/files/1/0094/4839/0711/collections/collection_cover_03_1200x12003c7b.jpg]
[tymobeauty.com/collections/curling-iron.atom]
[tymobeauty.com/collections/curling-iron.html]
[cdn.shopify.com/s/files/1/0094/4839/0711/t/32/assets/section-logo-list.min1b43.css]
[tymobeauty.com/pages/return-policy.html]
[tymobeauty.com/pages/shipping-policy.html]
[tymobeauty.com/pages/privacy-policy.html]
[tymobeauty.com/pages/klarna.html]
[tymobeauty.com/pages/terms-of-services.html]
[tymobeauty.com/collections/curling-iron.oembed]
[tymobeauty.com/apps/product-registration.html]
[tymobeauty.com/apps/POST]
[mpr.wonderingbranches.com/v2/frontend/static/css/2.c8956ef5.chunk.css]
[mpr.wonderingbranches.com/v2/frontend/static/css/main.78772f3f.chunk.css]
[tymobeauty.com/apps/product-registration8fe2.html]
[tymobeauty.com/pages/about-tymo.html]
[tymobeauty.com/collections/POST.html]
[mpr.wonderingbranches.com/v2/frontend/static/js/main.9419ba46.chunk.js]
[tymobeauty.com/collections/hair-straightener-brush/products/POST]
[mpr.wonderingbranches.com/v2/frontend/static/js/2.851279e1.chunk.js]
[tymobeauty.com/collections/hair-straightener-brush/products/media.preview_image.src]
[tymobeauty.com/collections/hair-straightener-brush/products/media.src]
[tymobeauty.com/collections/hair-straightener-brush/products/tymo-hair-straightening-comb.html]
[tymobeauty.com/collections/hair-straightener-brush/products/tymo-ring-pink.html]
[tymobeauty.com/collections/hair-straightener-brush/products/tymo-ring-plus.html]
[tymobeauty.com/collections/hair-straightener-brush/products/tymo-ionic.html]
[tymobeauty.com/products/tymo-sway.html]
[cdn.shopify.com/s/files/1/0094/4839/0711/products/04acopy_1800x1800_300027a0-1a66-41c8-84c9-85c0a975a8a2_1200x12008d2d.jpg]
[cdn.shopify.com/s/files/1/0094/4839/0711/products/04copy_1800x1800_1f19de41-ff7c-4237-a989-9115f501911c_1200x12008d2d.jpg]
[cdn.shopify.com/s/files/1/0094/4839/0711/products/3_2f763b13-f348-4e67-9b02-c6f59d8dcea9_1200x12008d2d.jpg]
[tymobeauty.com/products/tymo-sway.oembed]
[tymobeauty.com/collections/flat-irons/products/POST.423.delayed]
[tymobeauty.com/collections/flat-irons/products/media.preview_image.src]
[tymobeauty.com/collections/flat-irons/products/media.src]
[cdn.shopify.com/s/files/1/0094/4839/0711/products/04acopy_1800x1800_300027a0-1a66-41c8-84c9-85c0a975a8a2_1000x8d2d.jpg]
[cdn.shopify.com/s/files/1/0094/4839/0711/products/04copy_1800x1800_1f19de41-ff7c-4237-a989-9115f501911c_1000x10008d2d.jpg]
[cdn.shopify.com/s/files/1/0094/4839/0711/products/04copy_1800x1800_1f19de41-ff7c-4237-a989-9115f501911c_1445x8d2d.jpg]
[cdn.shopify.com/s/files/1/0094/4839/0711/products/3_2f763b13-f348-4e67-9b02-c6f59d8dcea9_1000x10008d2d.jpg]
[cdn.shopify.com/s/files/1/0094/4839/0711/products/3_2f763b13-f348-4e67-9b02-c6f59d8dcea9_1445x8d2d.jpg]
[cdn.shopify.com/s/files/1/0094/4839/0711/products/Artboard_2_1000x10008d2d.jpg]
[cdn.shopify.com/s/files/1/0094/4839/0711/products/Artboard_2_1445x8d2d.jpg]
[cdn.shopify.com/s/files/1/0094/4839/0711/products/6_a0fffff7-8cf1-4bd3-8b05-105d99a8ef2d_1000x10006294.jpg]
[cdn.shopify.com/s/files/1/0094/4839/0711/products/6_a0fffff7-8cf1-4bd3-8b05-105d99a8ef2d_1445x6294.jpg]
[cdn.shopify.com/s/files/1/0094/4839/0711/products/8_d792797d-6a77-4c6a-9bb3-add796d7e845_1000x100072c7.jpg]
[cdn.shopify.com/s/files/1/0094/4839/0711/products/8_d792797d-6a77-4c6a-9bb3-add796d7e845_1445x72c7.jpg]
[cdn.shopify.com/s/files/1/0094/4839/0711/products/7_a296da19-6427-4b5d-9022-82302220f830_1000x100072c7.jpg]
[cdn.shopify.com/s/files/1/0094/4839/0711/products/7_a296da19-6427-4b5d-9022-82302220f830_1445x72c7.jpg]
[cdn.shopify.com/s/files/1/0094/4839/0711/products/9_1000x100072c7.jpg]
[cdn.shopify.com/s/files/1/0094/4839/0711/products/9_1445x72c7.jpg]
[cdn.shopify.com/s/files/1/0094/4839/0711/products/5_a5442da7-0f35-4ec9-a171-6575a7814203_1000x100072c7.jpg]
[cdn.shopify.com/s/files/1/0094/4839/0711/products/5_a5442da7-0f35-4ec9-a171-6575a7814203_1445x72c7.jpg]
[cdn.shopify.com/s/files/1/0094/4839/0711/products/4_b22a8df1-2f65-4d2c-894e-b73e673d7afd_1000x100072c7.jpg]
[cdn.shopify.com/s/files/1/0094/4839/0711/products/4_b22a8df1-2f65-4d2c-894e-b73e673d7afd_1445x72c7.jpg]
[judgeme.imgix.net/tymo-beauty/1612414514__inbound8726791090506646685__original1350.jpg]
[judgeme.imgix.net/tymo-beauty/1612414514__inbound8726791090506646685__original6b9a.jpg]
[judgeme.imgix.net/tymo-beauty/1612414515__inbound667844281694293348__original1350.jpg]
[judgeme.imgix.net/tymo-beauty/1612414515__inbound667844281694293348__original6b9a.jpg]
[tymobeauty.com/collections/flat-irons/products/tymo-sway.html]
[tymobeauty.com/products/tymo-sway-noir.html]
[cdn.shopify.com/s/files/1/0094/4839/0711/products/1_de646f32-7b19-4a88-9793-de83be0f4bb7_1200x12005733.jpg]
[cdn.shopify.com/s/files/1/0094/4839/0711/products/2_1e071a3d-e91c-4c62-9919-728fcf9c23cc_1200x12005733.jpg]
[cdn.shopify.com/s/files/1/0094/4839/0711/products/4_6989175a-3156-4afc-922a-5912e57c8967_1200x12005733.jpg]
[tymobeauty.com/products/tymo-sway-noir.oembed]
[cdn.shopify.com/s/files/1/0094/4839/0711/products/1_de646f32-7b19-4a88-9793-de83be0f4bb7_1000x5733.jpg]
[cdn.shopify.com/s/files/1/0094/4839/0711/products/2_1e071a3d-e91c-4c62-9919-728fcf9c23cc_1000x10005733.jpg]
[cdn.shopify.com/s/files/1/0094/4839/0711/products/2_1e071a3d-e91c-4c62-9919-728fcf9c23cc_1445x5733.jpg]
[cdn.shopify.com/s/files/1/0094/4839/0711/products/4_6989175a-3156-4afc-922a-5912e57c8967_1000x10005733.jpg]
[cdn.shopify.com/s/files/1/0094/4839/0711/products/4_6989175a-3156-4afc-922a-5912e57c8967_1445x5733.jpg]
[cdn.shopify.com/s/files/1/0094/4839/0711/products/6_0d57ef06-1c2f-4531-b43a-69e2d2f0bf23_1000x1000a3fe.jpg]
[cdn.shopify.com/s/files/1/0094/4839/0711/products/6_0d57ef06-1c2f-4531-b43a-69e2d2f0bf23_1445xa3fe.jpg]
[cdn.shopify.com/s/files/1/0094/4839/0711/products/8_cc4cc328-e286-4e9d-a75d-7eeca302347d_1000x1000fb4c.jpg]
[cdn.shopify.com/s/files/1/0094/4839/0711/products/8_cc4cc328-e286-4e9d-a75d-7eeca302347d_1445xfb4c.jpg]
[cdn.shopify.com/s/files/1/0094/4839/0711/products/7_176054f9-0abe-4106-8549-8c670f2a6059_1000x1000fb4c.jpg]
[cdn.shopify.com/s/files/1/0094/4839/0711/products/7_176054f9-0abe-4106-8549-8c670f2a6059_1445xfb4c.jpg]
[cdn.shopify.com/s/files/1/0094/4839/0711/products/9_654e4da7-c7ac-4867-9616-55510c9fd99f_1000x1000fb4c.jpg]
[cdn.shopify.com/s/files/1/0094/4839/0711/products/9_654e4da7-c7ac-4867-9616-55510c9fd99f_1445xfb4c.jpg]
[cdn.shopify.com/s/files/1/0094/4839/0711/products/5_fa48c102-08f3-43e0-bf85-fd1f10d89ab2_1000x1000fb4c.jpg]
[cdn.shopify.com/s/files/1/0094/4839/0711/products/5_fa48c102-08f3-43e0-bf85-fd1f10d89ab2_1445xfb4c.jpg]
[cdn.shopify.com/s/files/1/0094/4839/0711/products/4_61cbcebb-f0f0-4045-a880-fa480cc5af2b_1000x1000fb4c.jpg]
[cdn.shopify.com/s/files/1/0094/4839/0711/products/4_61cbcebb-f0f0-4045-a880-fa480cc5af2b_1445xfb4c.jpg]
[tymobeauty.com/collections/flat-irons/products/tymo-sway-noir.html]
[tymobeauty.com/products/tymo-titanium-1.html]
[cdn.shopify.com/s/files/1/0094/4839/0711/products/06_1200x1200e7b1.jpg]
[cdn.shopify.com/s/files/1/0094/4839/0711/products/06a_1200x1200e7b1.jpg]
[cdn.shopify.com/s/files/1/0094/4839/0711/products/DSC_9899_1200x1200e7b1.jpg]
[tymobeauty.com/products/tymo-titanium-1.oembed]
[cdn.shopify.com/s/files/1/0094/4839/0711/products/06_1000xe7b1.jpg]
[cdn.shopify.com/s/files/1/0094/4839/0711/products/06a_1000x1000e7b1.jpg]
[cdn.shopify.com/s/files/1/0094/4839/0711/products/06a_1445xe7b1.jpg]
[cdn.shopify.com/s/files/1/0094/4839/0711/products/DSC_9899_1000x1000e7b1.jpg]
[cdn.shopify.com/s/files/1/0094/4839/0711/products/DSC_9899_1445xe7b1.jpg]
[judgeme.imgix.net/tymo-beauty/1598284154__76926_10150332290840195_730815194_16309331_4797231_n__original1350.jpg]
[judgeme.imgix.net/tymo-beauty/1598284154__76926_10150332290840195_730815194_16309331_4797231_n__original6b9a.jpg]
[judgeme.imgix.net/tymo-beauty/1598284154__tymo__original1350.jpg]
[judgeme.imgix.net/tymo-beauty/1598284154__tymo__original6b9a.jpg]
[tymobeauty.com/collections/flat-irons/products/tymo-titanium-1.html]
[tymobeauty.com/collections/flat-irons/products/tymo-airflow.html]
[tymobeauty.com/products/tymo-mist.html]
[cdn.shopify.com/s/files/1/0094/4839/0711/products/B100_A1_1200x1200b5a2.jpg]
[cdn.shopify.com/s/files/1/0094/4839/0711/products/B100_A2_1200x1200b5a2.jpg]
[cdn.shopify.com/s/files/1/0094/4839/0711/products/3_dbf75d0d-9d98-42d2-8f08-796e20a97fad_1200x1200b5a2.jpg]
[tymobeauty.com/products/tymo-mist.oembed]
[tymobeauty.com/collections/hair-care/products/POST.49c.delayed]
[tymobeauty.com/collections/hair-care/products/media.preview_image.src]
[tymobeauty.com/collections/hair-care/products/media.src]
[cdn.shopify.com/s/files/1/0094/4839/0711/products/B100_A1_1000xb5a2.jpg]
[cdn.shopify.com/s/files/1/0094/4839/0711/products/B100_A2_1000x1000b5a2.jpg]
[cdn.shopify.com/s/files/1/0094/4839/0711/products/B100_A2_1445xb5a2.jpg]
[cdn.shopify.com/s/files/1/0094/4839/0711/products/3_dbf75d0d-9d98-42d2-8f08-796e20a97fad_1000x1000b5a2.jpg]
[cdn.shopify.com/s/files/1/0094/4839/0711/products/3_dbf75d0d-9d98-42d2-8f08-796e20a97fad_1445xb5a2.jpg]
[cdn.shopify.com/s/files/1/0094/4839/0711/products/4_07ee6661-7cae-4894-ad96-8a82e77614f6_1000x1000b5a2.jpg]
[cdn.shopify.com/s/files/1/0094/4839/0711/products/4_07ee6661-7cae-4894-ad96-8a82e77614f6_1445xb5a2.jpg]
[cdn.shopify.com/s/files/1/0094/4839/0711/products/5_b3529553-428b-416c-aa1a-ae498a6b9922_1000x1000b5a2.jpg]
[cdn.shopify.com/s/files/1/0094/4839/0711/products/5_b3529553-428b-416c-aa1a-ae498a6b9922_1445xb5a2.jpg]
[cdn.shopify.com/s/files/1/0094/4839/0711/products/4_d1c7d588-553b-4d9b-993c-24182e4f2da3_1000x10008522.jpg]
[cdn.shopify.com/s/files/1/0094/4839/0711/products/4_d1c7d588-553b-4d9b-993c-24182e4f2da3_1445x8522.jpg]
[cdn.shopify.com/s/files/1/0094/4839/0711/products/5_05ac64e1-0523-4482-85d1-aeff61e8bd60_1000x10008522.jpg]
[cdn.shopify.com/s/files/1/0094/4839/0711/products/5_05ac64e1-0523-4482-85d1-aeff61e8bd60_1445x8522.jpg]
[cdn.shopify.com/s/files/1/0094/4839/0711/products/6_46e92e7d-3647-491b-a79a-1d47be8058f8_1000x10008522.jpg]
[cdn.shopify.com/s/files/1/0094/4839/0711/products/6_46e92e7d-3647-491b-a79a-1d47be8058f8_1445x8522.jpg]
[cdn.shopify.com/s/files/1/0094/4839/0711/products/7_1000x10008522.jpg]
[cdn.shopify.com/s/files/1/0094/4839/0711/products/7_1445x8522.jpg]
[cdn.shopify.com/s/files/1/0094/4839/0711/products/8_1000x10002119.jpg]
[cdn.shopify.com/s/files/1/0094/4839/0711/products/8_1445x2119.jpg]
[tymobeauty.com/collections/hair-care/products/tymo-mist.html]
[tymobeauty.com/products/tymo-volumist.html]
[cdn.shopify.com/s/files/1/0094/4839/0711/products/1_81fe1bc1-32b2-4f7e-86e6-d30c1399e3d8_1200x12006113.jpg]
[cdn.shopify.com/s/files/1/0094/4839/0711/products/2_a6845081-8e8a-4c3d-9dde-e4f3860659ae_1200x12006113.jpg]
[cdn.shopify.com/s/files/1/0094/4839/0711/products/3_95518d74-36c7-406c-9b9c-34e0ff536edb_1200x12006113.jpg]
[tymobeauty.com/products/tymo-volumist.oembed]
[cdn.shopify.com/s/files/1/0094/4839/0711/products/1_81fe1bc1-32b2-4f7e-86e6-d30c1399e3d8_1000x6113.jpg]
[cdn.shopify.com/s/files/1/0094/4839/0711/products/2_a6845081-8e8a-4c3d-9dde-e4f3860659ae_1000x10006113.jpg]
[cdn.shopify.com/s/files/1/0094/4839/0711/products/2_a6845081-8e8a-4c3d-9dde-e4f3860659ae_1445x6113.jpg]
[cdn.shopify.com/s/files/1/0094/4839/0711/products/3_95518d74-36c7-406c-9b9c-34e0ff536edb_1000x10006113.jpg]
[cdn.shopify.com/s/files/1/0094/4839/0711/products/3_95518d74-36c7-406c-9b9c-34e0ff536edb_1445x6113.jpg]
[cdn.shopify.com/s/files/1/0094/4839/0711/products/4_fda79c78-1de8-4f39-987a-ee0b6375b7a8_1000x10006113.jpg]
[cdn.shopify.com/s/files/1/0094/4839/0711/products/4_fda79c78-1de8-4f39-987a-ee0b6375b7a8_1445x6113.jpg]
[cdn.shopify.com/s/files/1/0094/4839/0711/products/5_19495e82-0d0e-427d-b5e3-5611f3afcb1c_1000x100071ee.jpg]
[cdn.shopify.com/s/files/1/0094/4839/0711/products/5_19495e82-0d0e-427d-b5e3-5611f3afcb1c_1445x71ee.jpg]
[cdn.shopify.com/s/files/1/0094/4839/0711/products/4_e11fb516-5a8f-4b2f-bca2-dcde66c3ec46_1000x10000884.jpg]
[cdn.shopify.com/s/files/1/0094/4839/0711/products/4_e11fb516-5a8f-4b2f-bca2-dcde66c3ec46_1445x0884.jpg]
[cdn.shopify.com/s/files/1/0094/4839/0711/products/5_be1fef1d-7e43-4249-b89d-136a3c4c9fa1_1000x1000f69d.jpg]
[cdn.shopify.com/s/files/1/0094/4839/0711/products/5_be1fef1d-7e43-4249-b89d-136a3c4c9fa1_1445xf69d.jpg]
[cdn.shopify.com/s/files/1/0094/4839/0711/products/6_37477d4b-3207-4083-88a7-0817c55f7d3c_1000x1000f69d.jpg]
[cdn.shopify.com/s/files/1/0094/4839/0711/products/6_37477d4b-3207-4083-88a7-0817c55f7d3c_1445xf69d.jpg]
[cdn.shopify.com/s/files/1/0094/4839/0711/products/7_238c2a83-056e-461f-a586-01cb619c209a_1000x10000884.jpg]
[cdn.shopify.com/s/files/1/0094/4839/0711/products/7_238c2a83-056e-461f-a586-01cb619c209a_1445x0884.jpg]
[cdn.shopify.com/s/files/1/0094/4839/0711/products/8_66b3d099-e7d9-4310-b598-e1ac389b1316_1000x1000f69d.jpg]
[cdn.shopify.com/s/files/1/0094/4839/0711/products/8_66b3d099-e7d9-4310-b598-e1ac389b1316_1445xf69d.jpg]
[tymobeauty.com/collections/hair-care/products/tymo-volumist.html]
[tymobeauty.com/products/tymo-twilight-led-vanity-mirror.html]
[cdn.shopify.com/s/files/1/0094/4839/0711/products/01_1200x1200d675.jpg]
[cdn.shopify.com/s/files/1/0094/4839/0711/products/03_d4e5d05b-42ee-48b0-af15-f33d0c963e8c_1200x1200f240.jpg]
[cdn.shopify.com/s/files/1/0094/4839/0711/products/02_1200x1200f240.jpg]
[tymobeauty.com/products/tymo-twilight-led-vanity-mirror.oembed]
[tymobeauty.com/collections/facial/products/POST.4fd.delayed]
[tymobeauty.com/collections/facial/products/media.preview_image.src]
[tymobeauty.com/collections/facial/products/media.src]
[cdn.shopify.com/s/files/1/0094/4839/0711/products/01_1000xd675.jpg]
[cdn.shopify.com/s/files/1/0094/4839/0711/products/03_d4e5d05b-42ee-48b0-af15-f33d0c963e8c_1000x1000f240.jpg]
[cdn.shopify.com/s/files/1/0094/4839/0711/products/03_d4e5d05b-42ee-48b0-af15-f33d0c963e8c_1445xf240.jpg]
[cdn.shopify.com/s/files/1/0094/4839/0711/products/02_1000x1000f240.jpg]
[cdn.shopify.com/s/files/1/0094/4839/0711/products/02_1445xf240.jpg]
[cdn.shopify.com/s/files/1/0094/4839/0711/products/05_82c40816-9cc2-4b24-9cb5-18418f8a0674_1000x1000d675.jpg]
[cdn.shopify.com/s/files/1/0094/4839/0711/products/05_82c40816-9cc2-4b24-9cb5-18418f8a0674_1445xd675.jpg]
[cdn.shopify.com/s/files/1/0094/4839/0711/products/2_cae85e5d-6ae9-488e-8bf3-a71e6b3cbb73_1000x100072f4.jpg]
[cdn.shopify.com/s/files/1/0094/4839/0711/products/2_cae85e5d-6ae9-488e-8bf3-a71e6b3cbb73_1445x72f4.jpg]
[cdn.shopify.com/s/files/1/0094/4839/0711/products/3_cd1e0088-4648-485c-85f4-3b74c1c16acd_1000x100072f4.jpg]
[cdn.shopify.com/s/files/1/0094/4839/0711/products/3_cd1e0088-4648-485c-85f4-3b74c1c16acd_1445x72f4.jpg]
[cdn.shopify.com/s/files/1/0094/4839/0711/products/4_98797527-6cf6-42b1-8d10-95269878dca8_1000x100072f4.jpg]
[cdn.shopify.com/s/files/1/0094/4839/0711/products/4_98797527-6cf6-42b1-8d10-95269878dca8_1445x72f4.jpg]
[cdn.shopify.com/s/files/1/0094/4839/0711/products/5_2f028817-2e03-4678-9e23-bc36c0e59797_1000x100072f4.jpg]
[cdn.shopify.com/s/files/1/0094/4839/0711/products/5_2f028817-2e03-4678-9e23-bc36c0e59797_1445x72f4.jpg]
[cdn.shopify.com/s/files/1/0094/4839/0711/products/9_twilight_1000x10005219.jpg]
[cdn.shopify.com/s/files/1/0094/4839/0711/products/9_twilight_1445x5219.jpg]
[cdn.shopify.com/s/files/1/0094/4839/0711/products/1_87680496-3fac-4315-ab8d-be2d889be2e7_1000x10005219.jpg]
[cdn.shopify.com/s/files/1/0094/4839/0711/products/1_87680496-3fac-4315-ab8d-be2d889be2e7_1445x5219.jpg]
[cdn.shopify.com/s/files/1/0094/4839/0711/products/0_1000x10005219.jpg]
[cdn.shopify.com/s/files/1/0094/4839/0711/products/0_1445x5219.jpg]
[tymobeauty.com/collections/facial/products/tymo-twilight-led-vanity-mirror.html]
[tymobeauty.com/products/tymo-hazy.html]
[cdn.shopify.com/s/files/1/0094/4839/0711/products/1_2d4d25cd-a5f8-4236-912f-24d112397bef_1200x12001ec9.jpg]
[cdn.shopify.com/s/files/1/0094/4839/0711/products/2_696ef798-06cf-4575-98eb-07e9d23a1fd5_1200x12001ec9.jpg]
[cdn.shopify.com/s/files/1/0094/4839/0711/products/3_95878602-88c3-4199-91a1-2ea4df602caf_1200x12001ec9.jpg]
[tymobeauty.com/products/tymo-hazy.oembed]
[cdn.shopify.com/s/files/1/0094/4839/0711/products/1_2d4d25cd-a5f8-4236-912f-24d112397bef_1000x1ec9.jpg]
[cdn.shopify.com/s/files/1/0094/4839/0711/products/2_696ef798-06cf-4575-98eb-07e9d23a1fd5_1000x10001ec9.jpg]
[cdn.shopify.com/s/files/1/0094/4839/0711/products/2_696ef798-06cf-4575-98eb-07e9d23a1fd5_1445x1ec9.jpg]
[cdn.shopify.com/s/files/1/0094/4839/0711/products/3_95878602-88c3-4199-91a1-2ea4df602caf_1000x10001ec9.jpg]
[cdn.shopify.com/s/files/1/0094/4839/0711/products/3_95878602-88c3-4199-91a1-2ea4df602caf_1445x1ec9.jpg]
[cdn.shopify.com/s/files/1/0094/4839/0711/products/4_a8cade20-c988-451b-8507-af418b7967f6_1000x10001ec9.jpg]
[cdn.shopify.com/s/files/1/0094/4839/0711/products/4_a8cade20-c988-451b-8507-af418b7967f6_1445x1ec9.jpg]
[cdn.shopify.com/s/files/1/0094/4839/0711/products/5_1000x10001ec9.jpg]
[cdn.shopify.com/s/files/1/0094/4839/0711/products/5_1445x1ec9.jpg]
[cdn.shopify.com/s/files/1/0094/4839/0711/products/0_9982ab19-375b-464d-9721-e7ba24379026_1000x1000e4d8.jpg]
[cdn.shopify.com/s/files/1/0094/4839/0711/products/0_9982ab19-375b-464d-9721-e7ba24379026_1445xe4d8.jpg]
[cdn.shopify.com/s/files/1/0094/4839/0711/products/1_202d9dd5-01e1-40e4-ab6a-bc222ae2f7c4_1000x1000e4d8.jpg]
[cdn.shopify.com/s/files/1/0094/4839/0711/products/1_202d9dd5-01e1-40e4-ab6a-bc222ae2f7c4_1445xe4d8.jpg]
[cdn.shopify.com/s/files/1/0094/4839/0711/products/2_08487699-4b8a-464b-b5d7-fd267090cb9f_1000x1000e4d8.jpg]
[cdn.shopify.com/s/files/1/0094/4839/0711/products/2_08487699-4b8a-464b-b5d7-fd267090cb9f_1445xe4d8.jpg]
[cdn.shopify.com/s/files/1/0094/4839/0711/products/3_16432716-7ae1-4da6-87b5-7bffe16f2041_1000x1000e4d8.jpg]
[cdn.shopify.com/s/files/1/0094/4839/0711/products/3_16432716-7ae1-4da6-87b5-7bffe16f2041_1445xe4d8.jpg]
[cdn.shopify.com/s/files/1/0094/4839/0711/products/4_478066ba-82f7-42ef-b3c9-a60061305ff5_1000x1000c62e.jpg]
[cdn.shopify.com/s/files/1/0094/4839/0711/products/4_478066ba-82f7-42ef-b3c9-a60061305ff5_1445xc62e.jpg]
[cdn.shopify.com/s/files/1/0094/4839/0711/products/5_9e4943b5-5487-4156-a12d-a5c785d9737e_1000x1000e4d8.jpg]
[cdn.shopify.com/s/files/1/0094/4839/0711/products/5_9e4943b5-5487-4156-a12d-a5c785d9737e_1445xe4d8.jpg]
[tymobeauty.com/collections/facial/products/tymo-hazy.html]
[tymobeauty.com/pages/POST.html]
[cdn.getshogun.com/css-3/612f03aa79013200dbace903.css]
[tymobeauty.com/blogs/news4658.html]
[tymobeauty.com/blogs/POST.html]
[tymobeauty.com/blogs/news2679.html]
[cdn.shopify.com/s/files/1/0094/4839/0711/articles/IMG_6723_1200x12006c8d.jpg]
[tymobeauty.com/blogs/news/ https_/www.youtube.com/watch9af1]
[tymobeauty.com/blogs/news/www.tymobeauty.com]
[tymobeauty.com/blogs/news/prepared-faqs-for-tymo-beauties.html]
[cdn.shopify.com/s/files/1/0094/4839/0711/articles/cv_1200x12009053.jpg]
[cdn.shopifycdn.net/s/files/1/0094/4839/0711/files/014cd4.jpg]
[cdn.shopifycdn.net/s/files/1/0094/4839/0711/files/028b35.jpg]
[cdn.shopifycdn.net/s/files/1/0094/4839/0711/files/03_TYMO_RINGc09a.jpg]
[cdn.shopifycdn.net/s/files/1/0094/4839/0711/files/04_RING1092.jpg]
[cdn.shopifycdn.net/s/files/1/0094/4839/0711/files/05_TYMO_RING_PINK177a.jpg]
[cdn.shopifycdn.net/s/files/1/0094/4839/0711/files/06_TYMO_RING_PLUS9ee0.jpg]
[cdn.shopifycdn.net/s/files/1/0094/4839/0711/files/07_TYMO_iONIC092f.jpg]
[cdn.shopifycdn.net/s/files/1/0094/4839/0711/files/08_TYMO_SWAYae25.jpg]
[tymobeauty.com/blogs/news/unlock-tymo-hair-straightener-fam.html]
[tymobeauty.com/blogs/news/POST.html]
[tymobeauty.com/products/tymo-ionic.html]
[tymobeauty.com/account/POST.html]
[cdn.shopify.com/s/global/search.css]
[tymobeauty.com/searchacb3.html]
[tymobeauty.com/search23c6.html]
[tymobeauty.com/collections/all.atom]
[tymobeauty.com/collections/all.html]
[tymobeauty.com/collections/all-hair-products/products/tymo-ring-pink.html]
[tymobeauty.com/collections/all-hair-products/products/tymo-ionic.html]
[tymobeauty.com/collections/all-hair-products/products/tymo-airflow.html]
[tymobeauty.com/collections/all-hair-products/products/tymo-aqua.html]
[tymobeauty.com/collections/all-hair-products/products/tymo-sway.html]
[tymobeauty.com/collections/all-hair-products/products/tymo-volumizer.html]
[tymobeauty.com/collections/all-hair-products/products/tymo-sway-noir.html]
[tymobeauty.com/collections/all-hair-products/products/tymo-titanium-1.html]
[tymobeauty.com/collections/hair-straightener/products/tymo-sway.html]
[tymobeauty.com/collections/hair-straightener/products/tymo-titanium-1.html]
[tymobeauty.com/collections/hair-straightener/products/tymo-airflow.html]
[tymobeauty.com/collections/hair-straightener/products/tymo-sway-noir.html]
[tymobeauty.com/collections/all-hair-products/products/POST.html]
[cdn.shopify.com/s/files/1/0094/4839/0711/t/32/assets/plyr.min898a.css]
[cdn.shopify.com/s/files/1/0094/4839/0711/t/32/assets/shopify-model-viewer-ui.min8268.css]
[tymobeauty.com/collections/all-hair-products/products/media.preview_image.src]
[tymobeauty.com/collections/all-hair-products/products/media.src]
[cdn.shopify.com/s/files/1/0094/4839/0711/t/32/assets/section-product-recommendations.min8656.css]
[tymobeauty.com/products/tymo-ring-plus.html]
[tymobeauty.com/products/tymo-rota.html]
[tymobeauty.com/products/POST.html]
[tymobeauty.com/products/media.preview_image.src]
[tymobeauty.com/products/media.src]
[tymobeauty.com/collections/hair-straightener/products/POST.html]
[tymobeauty.com/collections/hair-straightener/products/media.preview_image.src]
[tymobeauty.com/collections/hair-straightener/products/media.src]
[tymobeauty.com/products/tymo-ring-pink.html]
[tymobeauty.com/products/tymo-airflow.html]
[tymobeauty.com/collections/hair-curler/products/POST.html]
[tymobeauty.com/collections/hair-curler/products/media.preview_image.src]
[tymobeauty.com/collections/hair-curler/products/media.src]
[tymobeauty.com/products/tymo-aqua.html]
[tymobeauty.com/collections/hair-dryer/products/POST.html]
[tymobeauty.com/collections/hair-dryer/products/media.preview_image.src]
[tymobeauty.com/collections/hair-dryer/products/media.src]
[tymobeauty.com/products/tymo-volumizer.html]
[tymobeauty.com/apps/product-registration.html]
[tymobeauty.com/apps/POST.html]
[mpr.wonderingbranches.com/v2/frontend/static/css/2.c8956ef5.chunk.css]
[mpr.wonderingbranches.com/v2/frontend/static/css/main.78772f3f.chunk.css]
[tymobeauty.com/collections/hair-straightener-brush/products/POST.html]
[tymobeauty.com/collections/hair-straightener-brush/products/media.preview_image.src]
[tymobeauty.com/collections/hair-straightener-brush/products/media.src]
[tymobeauty.com/products/tymo-sway.html]
[tymobeauty.com/collections/flat-irons/products/POST.html]
[tymobeauty.com/collections/flat-irons/products/media.preview_image.src]
[tymobeauty.com/collections/flat-irons/products/media.src]
[tymobeauty.com/products/tymo-sway-noir.html]
[tymobeauty.com/products/tymo-titanium-1.html]
[tymobeauty.com/products/tymo-mist.html]
[tymobeauty.com/collections/hair-care/products/POST.html]
[tymobeauty.com/collections/hair-care/products/media.preview_image.src]
[tymobeauty.com/collections/hair-care/products/media.src]
[tymobeauty.com/products/tymo-volumist.html]
[tymobeauty.com/products/tymo-twilight-led-vanity-mirror.html]
[tymobeauty.com/collections/facial/products/POST.html]
[tymobeauty.com/collections/facial/products/media.preview_image.src]
[tymobeauty.com/collections/facial/products/media.src]
[tymobeauty.com/products/tymo-hazy.html]
[tymobeauty.com/blogs/news2679.html]
[tymobeauty.com/blogs/news/ https_/www.youtube.com/watch9af1.html]
[tymobeauty.com/blogs/news/www.tymobeauty.com]
[tymobeauty.com/search23c6.html]
